21/11/08 05:39:11 INFO HiveConf: Found configuration file file:/Users/jsh04747/spark/spark-3.2.0-bin-hadoop3.2/conf/hive-site.xml
21/11/08 05:39:12 INFO SparkContext: Running Spark version 3.2.0
21/11/08 05:39:12 WARN NativeCodeLoader: Unable to load native-hadoop library for your platform... using builtin-java classes where applicable
21/11/08 05:39:12 INFO ResourceUtils: ==============================================================
21/11/08 05:39:12 INFO ResourceUtils: No custom resources configured for spark.driver.
21/11/08 05:39:12 INFO ResourceUtils: ==============================================================
21/11/08 05:39:12 INFO SparkContext: Submitted application: sparklyr
21/11/08 05:39:12 INFO ResourceProfile: Default ResourceProfile created, executor resources: Map(cores -> name: cores, amount: 1, script: , vendor: , memory -> name: memory, amount: 1024, script: , vendor: , offHeap -> name: offHeap, amount: 0, script: , vendor: ), task resources: Map(cpus -> name: cpus, amount: 1.0)
21/11/08 05:39:12 INFO ResourceProfile: Limiting resource is cpu
21/11/08 05:39:12 INFO ResourceProfileManager: Added ResourceProfile id: 0
21/11/08 05:39:12 INFO SecurityManager: Changing view acls to: jsh04747
21/11/08 05:39:12 INFO SecurityManager: Changing modify acls to: jsh04747
21/11/08 05:39:12 INFO SecurityManager: Changing view acls groups to: 
21/11/08 05:39:12 INFO SecurityManager: Changing modify acls groups to: 
21/11/08 05:39:12 INFO SecurityManager: SecurityManager: authentication disabled; ui acls disabled; users  with view permissions: Set(jsh04747); groups with view permissions: Set(); users  with modify permissions: Set(jsh04747); groups with modify permissions: Set()
21/11/08 05:39:12 INFO Utils: Successfully started service 'sparkDriver' on port 54447.
21/11/08 05:39:12 INFO SparkEnv: Registering MapOutputTracker
21/11/08 05:39:12 INFO SparkEnv: Registering BlockManagerMaster
21/11/08 05:39:12 INFO BlockManagerMasterEndpoint: Using org.apache.spark.storage.DefaultTopologyMapper for getting topology information
21/11/08 05:39:12 INFO BlockManagerMasterEndpoint: BlockManagerMasterEndpoint up
21/11/08 05:39:12 INFO SparkEnv: Registering BlockManagerMasterHeartbeat
21/11/08 05:39:12 INFO DiskBlockManager: Created local directory at /private/var/folders/n8/4xxznh1x29q4sg4cf_hcqqv40000gp/T/blockmgr-18c6d3ec-f927-42ca-9b06-d59f64b29837
21/11/08 05:39:12 INFO MemoryStore: MemoryStore started with capacity 912.3 MiB
21/11/08 05:39:12 INFO SparkEnv: Registering OutputCommitCoordinator
21/11/08 05:39:12 INFO Utils: Successfully started service 'SparkUI' on port 4040.
21/11/08 05:39:12 INFO SparkUI: Bound SparkUI to 127.0.0.1, and started at http://localhost:4040
21/11/08 05:39:12 INFO SparkContext: Added JAR file:/Library/Frameworks/R.framework/Versions/4.1/Resources/library/sparklyr/java/sparklyr-master-2.12.jar at spark://localhost:54447/jars/sparklyr-master-2.12.jar with timestamp 1636378752161
21/11/08 05:39:12 INFO Executor: Starting executor ID driver on host localhost
21/11/08 05:39:12 INFO Executor: Fetching spark://localhost:54447/jars/sparklyr-master-2.12.jar with timestamp 1636378752161
21/11/08 05:39:12 INFO TransportClientFactory: Successfully created connection to localhost/127.0.0.1:54447 after 11 ms (0 ms spent in bootstraps)
21/11/08 05:39:12 INFO Utils: Fetching spark://localhost:54447/jars/sparklyr-master-2.12.jar to /private/var/folders/n8/4xxznh1x29q4sg4cf_hcqqv40000gp/T/spark-d131ae8a-bd45-4680-a043-f46111d7efce/userFiles-4b34426f-d8c8-4048-aead-df9fc68b2834/fetchFileTemp3710855878597106873.tmp
21/11/08 05:39:12 INFO Executor: Adding file:/private/var/folders/n8/4xxznh1x29q4sg4cf_hcqqv40000gp/T/spark-d131ae8a-bd45-4680-a043-f46111d7efce/userFiles-4b34426f-d8c8-4048-aead-df9fc68b2834/sparklyr-master-2.12.jar to class loader
21/11/08 05:39:12 INFO Utils: Successfully started service 'org.apache.spark.network.netty.NettyBlockTransferService' on port 54449.
21/11/08 05:39:12 INFO NettyBlockTransferService: Server created on localhost:54449
21/11/08 05:39:12 INFO BlockManager: Using org.apache.spark.storage.RandomBlockReplicationPolicy for block replication policy
21/11/08 05:39:12 INFO BlockManagerMaster: Registering BlockManager BlockManagerId(driver, localhost, 54449, None)
21/11/08 05:39:12 INFO BlockManagerMasterEndpoint: Registering block manager localhost:54449 with 912.3 MiB RAM, BlockManagerId(driver, localhost, 54449, None)
21/11/08 05:39:12 INFO BlockManagerMaster: Registered BlockManager BlockManagerId(driver, localhost, 54449, None)
21/11/08 05:39:12 INFO BlockManager: Initialized BlockManager: BlockManagerId(driver, localhost, 54449, None)
21/11/08 05:39:13 INFO SharedState: Setting hive.metastore.warehouse.dir ('null') to the value of spark.sql.warehouse.dir.
21/11/08 05:39:13 INFO SharedState: Warehouse path is 'file:/Users/jsh04747/gitRepos/web%20stuff/website/Math154/spark-warehouse'.
21/11/08 05:39:15 INFO HiveUtils: Initializing HiveMetastoreConnection version 2.3.9 using Spark classes.
21/11/08 05:39:15 INFO HiveConf: Found configuration file file:/Users/jsh04747/spark/spark-3.2.0-bin-hadoop3.2/conf/hive-site.xml
21/11/08 05:39:15 INFO HiveClientImpl: Warehouse location for Hive client (version 2.3.9) is file:/Users/jsh04747/gitRepos/web%20stuff/website/Math154/spark-warehouse
21/11/08 05:39:16 WARN HiveConf: HiveConf of name hive.stats.jdbc.timeout does not exist
21/11/08 05:39:16 WARN HiveConf: HiveConf of name hive.stats.retries.wait does not exist
21/11/08 05:39:16 INFO HiveMetaStore: 0: Opening raw store with implementation class:org.apache.hadoop.hive.metastore.ObjectStore
21/11/08 05:39:16 INFO ObjectStore: ObjectStore, initialize called
21/11/08 05:39:16 INFO Persistence: Property hive.metastore.integral.jdo.pushdown unknown - will be ignored
21/11/08 05:39:16 INFO Persistence: Property datanucleus.cache.level2 unknown - will be ignored
21/11/08 05:39:17 INFO ObjectStore: Setting MetaStore object pin classes with hive.metastore.cache.pinobjtypes="Table,StorageDescriptor,SerDeInfo,Partition,Database,Type,FieldSchema,Order"
21/11/08 05:39:18 INFO MetaStoreDirectSql: Using direct SQL, underlying DB is DERBY
21/11/08 05:39:18 INFO ObjectStore: Initialized ObjectStore
21/11/08 05:39:18 WARN ObjectStore: Version information not found in metastore. hive.metastore.schema.verification is not enabled so recording the schema version 2.3.0
21/11/08 05:39:18 WARN ObjectStore: setMetaStoreSchemaVersion called but recording version is disabled: version = 2.3.0, comment = Set by MetaStore jsh04747@192.168.4.33
21/11/08 05:39:18 WARN ObjectStore: Failed to get database default, returning NoSuchObjectException
21/11/08 05:39:18 INFO HiveMetaStore: Added admin role in metastore
21/11/08 05:39:18 INFO HiveMetaStore: Added public role in metastore
21/11/08 05:39:18 INFO HiveMetaStore: No user is added in admin role, since config is empty
21/11/08 05:39:18 INFO HiveMetaStore: 0: get_database: default
21/11/08 05:39:18 INFO audit: ugi=jsh04747	ip=unknown-ip-addr	cmd=get_database: default	
21/11/08 05:39:18 INFO HiveMetaStore: 0: get_database: global_temp
21/11/08 05:39:18 INFO audit: ugi=jsh04747	ip=unknown-ip-addr	cmd=get_database: global_temp	
21/11/08 05:39:18 WARN ObjectStore: Failed to get database global_temp, returning NoSuchObjectException
21/11/08 05:39:18 INFO HiveMetaStore: 0: get_database: default
21/11/08 05:39:18 INFO audit: ugi=jsh04747	ip=unknown-ip-addr	cmd=get_database: default	
21/11/08 05:39:18 INFO HiveMetaStore: 0: get_database: default
21/11/08 05:39:18 INFO audit: ugi=jsh04747	ip=unknown-ip-addr	cmd=get_database: default	
21/11/08 05:39:18 INFO HiveMetaStore: 0: get_tables: db=default pat=*
21/11/08 05:39:18 INFO audit: ugi=jsh04747	ip=unknown-ip-addr	cmd=get_tables: db=default pat=*	
21/11/08 05:39:19 INFO CodeGenerator: Code generated in 139.544694 ms
21/11/08 05:39:19 INFO SparkContext: Starting job: collect at utils.scala:26
21/11/08 05:39:19 INFO DAGScheduler: Job 0 finished: collect at utils.scala:26, took 0.002777 s
21/11/08 05:39:19 INFO CodeGenerator: Code generated in 12.240166 ms
21/11/08 05:39:19 INFO CodeGenerator: Code generated in 8.8739 ms
21/11/08 05:39:19 INFO SparkContext: Starting job: count at utils.scala:24
21/11/08 05:39:19 INFO DAGScheduler: Registering RDD 5 (count at utils.scala:24) as input to shuffle 0
21/11/08 05:39:19 INFO DAGScheduler: Got job 1 (count at utils.scala:24) with 1 output partitions
21/11/08 05:39:19 INFO DAGScheduler: Final stage: ResultStage 1 (count at utils.scala:24)
21/11/08 05:39:19 INFO DAGScheduler: Parents of final stage: List(ShuffleMapStage 0)
21/11/08 05:39:19 INFO DAGScheduler: Missing parents: List()
21/11/08 05:39:19 INFO DAGScheduler: Submitting ResultStage 1 (MapPartitionsRDD[8] at count at utils.scala:24), which has no missing parents
21/11/08 05:39:19 INFO MemoryStore: Block broadcast_0 stored as values in memory (estimated size 11.0 KiB, free 912.3 MiB)
21/11/08 05:39:19 INFO MemoryStore: Block broadcast_0_piece0 stored as bytes in memory (estimated size 5.4 KiB, free 912.3 MiB)
21/11/08 05:39:19 INFO BlockManagerInfo: Added broadcast_0_piece0 in memory on localhost:54449 (size: 5.4 KiB, free: 912.3 MiB)
21/11/08 05:39:19 INFO SparkContext: Created broadcast 0 from broadcast at DAGScheduler.scala:1427
21/11/08 05:39:19 INFO DAGScheduler: Submitting 1 missing tasks from ResultStage 1 (MapPartitionsRDD[8] at count at utils.scala:24) (first 15 tasks are for partitions Vector(0))
21/11/08 05:39:19 INFO TaskSchedulerImpl: Adding task set 1.0 with 1 tasks resource profile 0
21/11/08 05:39:19 INFO TaskSetManager: Starting task 0.0 in stage 1.0 (TID 0) (localhost, executor driver, partition 0, PROCESS_LOCAL, 4453 bytes) taskResourceAssignments Map()
21/11/08 05:39:19 INFO Executor: Running task 0.0 in stage 1.0 (TID 0)
21/11/08 05:39:19 INFO ShuffleBlockFetcherIterator: Getting 0 (0.0 B) non-empty blocks including 0 (0.0 B) local and 0 (0.0 B) host-local and 0 (0.0 B) push-merged-local and 0 (0.0 B) remote blocks
21/11/08 05:39:19 INFO ShuffleBlockFetcherIterator: Started 0 remote fetches in 8 ms
21/11/08 05:39:19 INFO Executor: Finished task 0.0 in stage 1.0 (TID 0). 2641 bytes result sent to driver
21/11/08 05:39:19 INFO TaskSetManager: Finished task 0.0 in stage 1.0 (TID 0) in 227 ms on localhost (executor driver) (1/1)
21/11/08 05:39:19 INFO TaskSchedulerImpl: Removed TaskSet 1.0, whose tasks have all completed, from pool 
21/11/08 05:39:19 INFO DAGScheduler: ResultStage 1 (count at utils.scala:24) finished in 0.347 s
21/11/08 05:39:19 INFO DAGScheduler: Job 1 is finished. Cancelling potential speculative or zombie tasks for this job
21/11/08 05:39:19 INFO TaskSchedulerImpl: Killing all running tasks in stage 1: Stage finished
21/11/08 05:39:19 INFO DAGScheduler: Job 1 finished: count at utils.scala:24, took 0.381901 s
21/11/08 05:39:20 INFO CodeGenerator: Code generated in 9.473445 ms
21/11/08 05:39:20 INFO SparkContext: Starting job: collect at utils.scala:26
21/11/08 05:39:20 INFO DAGScheduler: Got job 2 (collect at utils.scala:26) with 1 output partitions
21/11/08 05:39:20 INFO DAGScheduler: Final stage: ResultStage 2 (collect at utils.scala:26)
21/11/08 05:39:20 INFO DAGScheduler: Parents of final stage: List()
21/11/08 05:39:20 INFO DAGScheduler: Missing parents: List()
21/11/08 05:39:20 INFO DAGScheduler: Submitting ResultStage 2 (MapPartitionsRDD[12] at collect at utils.scala:26), which has no missing parents
21/11/08 05:39:20 INFO MemoryStore: Block broadcast_1 stored as values in memory (estimated size 7.3 KiB, free 912.3 MiB)
21/11/08 05:39:20 INFO MemoryStore: Block broadcast_1_piece0 stored as bytes in memory (estimated size 3.7 KiB, free 912.3 MiB)
21/11/08 05:39:20 INFO BlockManagerInfo: Added broadcast_1_piece0 in memory on localhost:54449 (size: 3.7 KiB, free: 912.3 MiB)
21/11/08 05:39:20 INFO SparkContext: Created broadcast 1 from broadcast at DAGScheduler.scala:1427
21/11/08 05:39:20 INFO DAGScheduler: Submitting 1 missing tasks from ResultStage 2 (MapPartitionsRDD[12] at collect at utils.scala:26) (first 15 tasks are for partitions Vector(0))
21/11/08 05:39:20 INFO TaskSchedulerImpl: Adding task set 2.0 with 1 tasks resource profile 0
21/11/08 05:39:20 INFO TaskSetManager: Starting task 0.0 in stage 2.0 (TID 1) (localhost, executor driver, partition 0, PROCESS_LOCAL, 4661 bytes) taskResourceAssignments Map()
21/11/08 05:39:20 INFO Executor: Running task 0.0 in stage 2.0 (TID 1)
21/11/08 05:39:20 INFO Executor: Finished task 0.0 in stage 2.0 (TID 1). 1397 bytes result sent to driver
21/11/08 05:39:20 INFO TaskSetManager: Finished task 0.0 in stage 2.0 (TID 1) in 17 ms on localhost (executor driver) (1/1)
21/11/08 05:39:20 INFO TaskSchedulerImpl: Removed TaskSet 2.0, whose tasks have all completed, from pool 
21/11/08 05:39:20 INFO DAGScheduler: ResultStage 2 (collect at utils.scala:26) finished in 0.024 s
21/11/08 05:39:20 INFO DAGScheduler: Job 2 is finished. Cancelling potential speculative or zombie tasks for this job
21/11/08 05:39:20 INFO TaskSchedulerImpl: Killing all running tasks in stage 2: Stage finished
21/11/08 05:39:20 INFO DAGScheduler: Job 2 finished: collect at utils.scala:26, took 0.027900 s
21/11/08 05:39:20 INFO CodeGenerator: Code generated in 10.183335 ms
21/11/08 05:39:20 INFO CodeGenerator: Code generated in 9.151601 ms
21/11/08 05:39:20 INFO DAGScheduler: Registering RDD 14 (count at utils.scala:24) as input to shuffle 1
21/11/08 05:39:20 INFO DAGScheduler: Got map stage job 3 (count at utils.scala:24) with 1 output partitions
21/11/08 05:39:20 INFO DAGScheduler: Final stage: ShuffleMapStage 3 (count at utils.scala:24)
21/11/08 05:39:20 INFO DAGScheduler: Parents of final stage: List()
21/11/08 05:39:20 INFO DAGScheduler: Missing parents: List()
21/11/08 05:39:20 INFO DAGScheduler: Submitting ShuffleMapStage 3 (MapPartitionsRDD[14] at count at utils.scala:24), which has no missing parents
21/11/08 05:39:20 INFO MemoryStore: Block broadcast_2 stored as values in memory (estimated size 10.5 KiB, free 912.3 MiB)
21/11/08 05:39:20 INFO MemoryStore: Block broadcast_2_piece0 stored as bytes in memory (estimated size 5.5 KiB, free 912.3 MiB)
21/11/08 05:39:20 INFO BlockManagerInfo: Added broadcast_2_piece0 in memory on localhost:54449 (size: 5.5 KiB, free: 912.3 MiB)
21/11/08 05:39:20 INFO SparkContext: Created broadcast 2 from broadcast at DAGScheduler.scala:1427
21/11/08 05:39:20 INFO DAGScheduler: Submitting 1 missing tasks from ShuffleMapStage 3 (MapPartitionsRDD[14] at count at utils.scala:24) (first 15 tasks are for partitions Vector(0))
21/11/08 05:39:20 INFO TaskSchedulerImpl: Adding task set 3.0 with 1 tasks resource profile 0
21/11/08 05:39:20 INFO TaskSetManager: Starting task 0.0 in stage 3.0 (TID 2) (localhost, executor driver, partition 0, PROCESS_LOCAL, 4650 bytes) taskResourceAssignments Map()
21/11/08 05:39:20 INFO Executor: Running task 0.0 in stage 3.0 (TID 2)
21/11/08 05:39:20 INFO Executor: Finished task 0.0 in stage 3.0 (TID 2). 1827 bytes result sent to driver
21/11/08 05:39:20 INFO TaskSetManager: Finished task 0.0 in stage 3.0 (TID 2) in 42 ms on localhost (executor driver) (1/1)
21/11/08 05:39:20 INFO TaskSchedulerImpl: Removed TaskSet 3.0, whose tasks have all completed, from pool 
21/11/08 05:39:20 INFO DAGScheduler: ShuffleMapStage 3 (count at utils.scala:24) finished in 0.058 s
21/11/08 05:39:20 INFO DAGScheduler: looking for newly runnable stages
21/11/08 05:39:20 INFO DAGScheduler: running: Set()
21/11/08 05:39:20 INFO DAGScheduler: waiting: Set()
21/11/08 05:39:20 INFO DAGScheduler: failed: Set()
21/11/08 05:39:20 INFO SparkContext: Starting job: count at utils.scala:24
21/11/08 05:39:20 INFO DAGScheduler: Got job 4 (count at utils.scala:24) with 1 output partitions
21/11/08 05:39:20 INFO DAGScheduler: Final stage: ResultStage 5 (count at utils.scala:24)
21/11/08 05:39:20 INFO DAGScheduler: Parents of final stage: List(ShuffleMapStage 4)
21/11/08 05:39:20 INFO DAGScheduler: Missing parents: List()
21/11/08 05:39:20 INFO DAGScheduler: Submitting ResultStage 5 (MapPartitionsRDD[17] at count at utils.scala:24), which has no missing parents
21/11/08 05:39:20 INFO MemoryStore: Block broadcast_3 stored as values in memory (estimated size 11.0 KiB, free 912.2 MiB)
21/11/08 05:39:20 INFO MemoryStore: Block broadcast_3_piece0 stored as bytes in memory (estimated size 5.5 KiB, free 912.2 MiB)
21/11/08 05:39:20 INFO BlockManagerInfo: Added broadcast_3_piece0 in memory on localhost:54449 (size: 5.5 KiB, free: 912.3 MiB)
21/11/08 05:39:20 INFO SparkContext: Created broadcast 3 from broadcast at DAGScheduler.scala:1427
21/11/08 05:39:20 INFO DAGScheduler: Submitting 1 missing tasks from ResultStage 5 (MapPartitionsRDD[17] at count at utils.scala:24) (first 15 tasks are for partitions Vector(0))
21/11/08 05:39:20 INFO TaskSchedulerImpl: Adding task set 5.0 with 1 tasks resource profile 0
21/11/08 05:39:20 INFO TaskSetManager: Starting task 0.0 in stage 5.0 (TID 3) (localhost, executor driver, partition 0, NODE_LOCAL, 4453 bytes) taskResourceAssignments Map()
21/11/08 05:39:20 INFO Executor: Running task 0.0 in stage 5.0 (TID 3)
21/11/08 05:39:20 INFO ShuffleBlockFetcherIterator: Getting 1 (60.0 B) non-empty blocks including 1 (60.0 B) local and 0 (0.0 B) host-local and 0 (0.0 B) push-merged-local and 0 (0.0 B) remote blocks
21/11/08 05:39:20 INFO ShuffleBlockFetcherIterator: Started 0 remote fetches in 1 ms
21/11/08 05:39:20 INFO Executor: Finished task 0.0 in stage 5.0 (TID 3). 2648 bytes result sent to driver
21/11/08 05:39:20 INFO TaskSetManager: Finished task 0.0 in stage 5.0 (TID 3) in 18 ms on localhost (executor driver) (1/1)
21/11/08 05:39:20 INFO TaskSchedulerImpl: Removed TaskSet 5.0, whose tasks have all completed, from pool 
21/11/08 05:39:20 INFO DAGScheduler: ResultStage 5 (count at utils.scala:24) finished in 0.027 s
21/11/08 05:39:20 INFO DAGScheduler: Job 4 is finished. Cancelling potential speculative or zombie tasks for this job
21/11/08 05:39:20 INFO TaskSchedulerImpl: Killing all running tasks in stage 5: Stage finished
21/11/08 05:39:20 INFO DAGScheduler: Job 4 finished: count at utils.scala:24, took 0.032900 s
21/11/08 05:39:20 INFO SparkContext: Starting job: collect at utils.scala:26
21/11/08 05:39:20 INFO DAGScheduler: Got job 5 (collect at utils.scala:26) with 1 output partitions
21/11/08 05:39:20 INFO DAGScheduler: Final stage: ResultStage 6 (collect at utils.scala:26)
21/11/08 05:39:20 INFO DAGScheduler: Parents of final stage: List()
21/11/08 05:39:20 INFO DAGScheduler: Missing parents: List()
21/11/08 05:39:20 INFO DAGScheduler: Submitting ResultStage 6 (MapPartitionsRDD[19] at collect at utils.scala:26), which has no missing parents
21/11/08 05:39:20 INFO MemoryStore: Block broadcast_4 stored as values in memory (estimated size 7.3 KiB, free 912.2 MiB)
21/11/08 05:39:20 INFO MemoryStore: Block broadcast_4_piece0 stored as bytes in memory (estimated size 3.7 KiB, free 912.2 MiB)
21/11/08 05:39:20 INFO BlockManagerInfo: Added broadcast_4_piece0 in memory on localhost:54449 (size: 3.7 KiB, free: 912.3 MiB)
21/11/08 05:39:20 INFO SparkContext: Created broadcast 4 from broadcast at DAGScheduler.scala:1427
21/11/08 05:39:20 INFO DAGScheduler: Submitting 1 missing tasks from ResultStage 6 (MapPartitionsRDD[19] at collect at utils.scala:26) (first 15 tasks are for partitions Vector(0))
21/11/08 05:39:20 INFO TaskSchedulerImpl: Adding task set 6.0 with 1 tasks resource profile 0
21/11/08 05:39:20 INFO TaskSetManager: Starting task 0.0 in stage 6.0 (TID 4) (localhost, executor driver, partition 0, PROCESS_LOCAL, 4661 bytes) taskResourceAssignments Map()
21/11/08 05:39:20 INFO Executor: Running task 0.0 in stage 6.0 (TID 4)
21/11/08 05:39:20 INFO Executor: Finished task 0.0 in stage 6.0 (TID 4). 1354 bytes result sent to driver
21/11/08 05:39:20 INFO TaskSetManager: Finished task 0.0 in stage 6.0 (TID 4) in 4 ms on localhost (executor driver) (1/1)
21/11/08 05:39:20 INFO TaskSchedulerImpl: Removed TaskSet 6.0, whose tasks have all completed, from pool 
21/11/08 05:39:20 INFO DAGScheduler: ResultStage 6 (collect at utils.scala:26) finished in 0.009 s
21/11/08 05:39:20 INFO DAGScheduler: Job 5 is finished. Cancelling potential speculative or zombie tasks for this job
21/11/08 05:39:20 INFO TaskSchedulerImpl: Killing all running tasks in stage 6: Stage finished
21/11/08 05:39:20 INFO DAGScheduler: Job 5 finished: collect at utils.scala:26, took 0.011467 s
21/11/08 05:39:20 INFO DAGScheduler: Registering RDD 21 (count at utils.scala:24) as input to shuffle 2
21/11/08 05:39:20 INFO DAGScheduler: Got map stage job 6 (count at utils.scala:24) with 1 output partitions
21/11/08 05:39:20 INFO DAGScheduler: Final stage: ShuffleMapStage 7 (count at utils.scala:24)
21/11/08 05:39:20 INFO DAGScheduler: Parents of final stage: List()
21/11/08 05:39:20 INFO DAGScheduler: Missing parents: List()
21/11/08 05:39:20 INFO DAGScheduler: Submitting ShuffleMapStage 7 (MapPartitionsRDD[21] at count at utils.scala:24), which has no missing parents
21/11/08 05:39:20 INFO MemoryStore: Block broadcast_5 stored as values in memory (estimated size 10.5 KiB, free 912.2 MiB)
21/11/08 05:39:20 INFO MemoryStore: Block broadcast_5_piece0 stored as bytes in memory (estimated size 5.5 KiB, free 912.2 MiB)
21/11/08 05:39:20 INFO BlockManagerInfo: Added broadcast_5_piece0 in memory on localhost:54449 (size: 5.5 KiB, free: 912.3 MiB)
21/11/08 05:39:20 INFO SparkContext: Created broadcast 5 from broadcast at DAGScheduler.scala:1427
21/11/08 05:39:20 INFO DAGScheduler: Submitting 1 missing tasks from ShuffleMapStage 7 (MapPartitionsRDD[21] at count at utils.scala:24) (first 15 tasks are for partitions Vector(0))
21/11/08 05:39:20 INFO TaskSchedulerImpl: Adding task set 7.0 with 1 tasks resource profile 0
21/11/08 05:39:20 INFO TaskSetManager: Starting task 0.0 in stage 7.0 (TID 5) (localhost, executor driver, partition 0, PROCESS_LOCAL, 4650 bytes) taskResourceAssignments Map()
21/11/08 05:39:20 INFO Executor: Running task 0.0 in stage 7.0 (TID 5)
21/11/08 05:39:20 INFO Executor: Finished task 0.0 in stage 7.0 (TID 5). 1827 bytes result sent to driver
21/11/08 05:39:20 INFO TaskSetManager: Finished task 0.0 in stage 7.0 (TID 5) in 10 ms on localhost (executor driver) (1/1)
21/11/08 05:39:20 INFO TaskSchedulerImpl: Removed TaskSet 7.0, whose tasks have all completed, from pool 
21/11/08 05:39:20 INFO DAGScheduler: ShuffleMapStage 7 (count at utils.scala:24) finished in 0.017 s
21/11/08 05:39:20 INFO DAGScheduler: looking for newly runnable stages
21/11/08 05:39:20 INFO DAGScheduler: running: Set()
21/11/08 05:39:20 INFO DAGScheduler: waiting: Set()
21/11/08 05:39:20 INFO DAGScheduler: failed: Set()
21/11/08 05:39:20 INFO SparkContext: Starting job: count at utils.scala:24
21/11/08 05:39:20 INFO DAGScheduler: Got job 7 (count at utils.scala:24) with 1 output partitions
21/11/08 05:39:20 INFO DAGScheduler: Final stage: ResultStage 9 (count at utils.scala:24)
21/11/08 05:39:20 INFO DAGScheduler: Parents of final stage: List(ShuffleMapStage 8)
21/11/08 05:39:20 INFO DAGScheduler: Missing parents: List()
21/11/08 05:39:20 INFO DAGScheduler: Submitting ResultStage 9 (MapPartitionsRDD[24] at count at utils.scala:24), which has no missing parents
21/11/08 05:39:20 INFO MemoryStore: Block broadcast_6 stored as values in memory (estimated size 11.0 KiB, free 912.2 MiB)
21/11/08 05:39:20 INFO MemoryStore: Block broadcast_6_piece0 stored as bytes in memory (estimated size 5.5 KiB, free 912.2 MiB)
21/11/08 05:39:20 INFO BlockManagerInfo: Added broadcast_6_piece0 in memory on localhost:54449 (size: 5.5 KiB, free: 912.3 MiB)
21/11/08 05:39:20 INFO SparkContext: Created broadcast 6 from broadcast at DAGScheduler.scala:1427
21/11/08 05:39:20 INFO DAGScheduler: Submitting 1 missing tasks from ResultStage 9 (MapPartitionsRDD[24] at count at utils.scala:24) (first 15 tasks are for partitions Vector(0))
21/11/08 05:39:20 INFO TaskSchedulerImpl: Adding task set 9.0 with 1 tasks resource profile 0
21/11/08 05:39:20 INFO TaskSetManager: Starting task 0.0 in stage 9.0 (TID 6) (localhost, executor driver, partition 0, NODE_LOCAL, 4453 bytes) taskResourceAssignments Map()
21/11/08 05:39:20 INFO Executor: Running task 0.0 in stage 9.0 (TID 6)
21/11/08 05:39:20 INFO ShuffleBlockFetcherIterator: Getting 1 (60.0 B) non-empty blocks including 1 (60.0 B) local and 0 (0.0 B) host-local and 0 (0.0 B) push-merged-local and 0 (0.0 B) remote blocks
21/11/08 05:39:20 INFO ShuffleBlockFetcherIterator: Started 0 remote fetches in 0 ms
21/11/08 05:39:20 INFO Executor: Finished task 0.0 in stage 9.0 (TID 6). 2648 bytes result sent to driver
21/11/08 05:39:20 INFO TaskSetManager: Finished task 0.0 in stage 9.0 (TID 6) in 4 ms on localhost (executor driver) (1/1)
21/11/08 05:39:20 INFO TaskSchedulerImpl: Removed TaskSet 9.0, whose tasks have all completed, from pool 
21/11/08 05:39:20 INFO DAGScheduler: ResultStage 9 (count at utils.scala:24) finished in 0.011 s
21/11/08 05:39:20 INFO DAGScheduler: Job 7 is finished. Cancelling potential speculative or zombie tasks for this job
21/11/08 05:39:20 INFO TaskSchedulerImpl: Killing all running tasks in stage 9: Stage finished
21/11/08 05:39:20 INFO DAGScheduler: Job 7 finished: count at utils.scala:24, took 0.013253 s
21/11/08 05:39:20 INFO MemoryStore: Block broadcast_7 stored as values in memory (estimated size 69.5 KiB, free 912.1 MiB)
21/11/08 05:39:20 INFO MemoryStore: Block broadcast_7_piece0 stored as bytes in memory (estimated size 18.9 KiB, free 912.1 MiB)
21/11/08 05:39:20 INFO BlockManagerInfo: Added broadcast_7_piece0 in memory on localhost:54449 (size: 18.9 KiB, free: 912.2 MiB)
21/11/08 05:39:20 INFO SparkContext: Created broadcast 7 from broadcast at workerhelper.scala:104
21/11/08 05:39:20 INFO MemoryStore: Block broadcast_8 stored as values in memory (estimated size 40.0 B, free 912.1 MiB)
21/11/08 05:39:20 INFO MemoryStore: Block broadcast_8_piece0 stored as bytes in memory (estimated size 69.0 B, free 912.1 MiB)
21/11/08 05:39:20 INFO BlockManagerInfo: Added broadcast_8_piece0 in memory on localhost:54449 (size: 69.0 B, free: 912.2 MiB)
21/11/08 05:39:20 INFO SparkContext: Created broadcast 8 from broadcast at workerhelper.scala:105
21/11/08 05:39:20 INFO MemoryStore: Block broadcast_9 stored as values in memory (estimated size 464.0 B, free 912.1 MiB)
21/11/08 05:39:20 INFO MemoryStore: Block broadcast_9_piece0 stored as bytes in memory (estimated size 285.0 B, free 912.1 MiB)
21/11/08 05:39:20 INFO BlockManagerInfo: Added broadcast_9_piece0 in memory on localhost:54449 (size: 285.0 B, free: 912.2 MiB)
21/11/08 05:39:20 INFO SparkContext: Created broadcast 9 from broadcast at workerhelper.scala:106
21/11/08 05:39:20 INFO MemoryStore: Block broadcast_10 stored as values in memory (estimated size 1320.0 B, free 912.1 MiB)
21/11/08 05:39:20 INFO MemoryStore: Block broadcast_10_piece0 stored as bytes in memory (estimated size 501.0 B, free 912.1 MiB)
21/11/08 05:39:20 INFO BlockManagerInfo: Added broadcast_10_piece0 in memory on localhost:54449 (size: 501.0 B, free: 912.2 MiB)
21/11/08 05:39:20 INFO SparkContext: Created broadcast 10 from broadcast at workerhelper.scala:107
21/11/08 05:39:20 INFO MemoryStore: Block broadcast_11 stored as values in memory (estimated size 1928.0 B, free 912.1 MiB)
21/11/08 05:39:20 INFO MemoryStore: Block broadcast_11_piece0 stored as bytes in memory (estimated size 1033.0 B, free 912.1 MiB)
21/11/08 05:39:20 INFO BlockManagerInfo: Added broadcast_11_piece0 in memory on localhost:54449 (size: 1033.0 B, free: 912.2 MiB)
21/11/08 05:39:20 INFO SparkContext: Created broadcast 11 from broadcast at workerhelper.scala:108
21/11/08 05:39:21 INFO CodeGenerator: Code generated in 19.0933 ms
21/11/08 05:39:21 INFO CodeGenerator: Code generated in 10.83773 ms
21/11/08 05:39:21 INFO DAGScheduler: Registering RDD 32 (collect at utils.scala:26) as input to shuffle 3
21/11/08 05:39:21 INFO DAGScheduler: Got map stage job 8 (collect at utils.scala:26) with 1 output partitions
21/11/08 05:39:21 INFO DAGScheduler: Final stage: ShuffleMapStage 10 (collect at utils.scala:26)
21/11/08 05:39:21 INFO DAGScheduler: Parents of final stage: List()
21/11/08 05:39:21 INFO DAGScheduler: Missing parents: List()
21/11/08 05:39:21 INFO DAGScheduler: Submitting ShuffleMapStage 10 (MapPartitionsRDD[32] at collect at utils.scala:26), which has no missing parents
21/11/08 05:39:21 INFO MemoryStore: Block broadcast_12 stored as values in memory (estimated size 22.4 KiB, free 912.1 MiB)
21/11/08 05:39:21 INFO MemoryStore: Block broadcast_12_piece0 stored as bytes in memory (estimated size 8.5 KiB, free 912.1 MiB)
21/11/08 05:39:21 INFO BlockManagerInfo: Added broadcast_12_piece0 in memory on localhost:54449 (size: 8.5 KiB, free: 912.2 MiB)
21/11/08 05:39:21 INFO SparkContext: Created broadcast 12 from broadcast at DAGScheduler.scala:1427
21/11/08 05:39:21 INFO DAGScheduler: Submitting 1 missing tasks from ShuffleMapStage 10 (MapPartitionsRDD[32] at collect at utils.scala:26) (first 15 tasks are for partitions Vector(0))
21/11/08 05:39:21 INFO TaskSchedulerImpl: Adding task set 10.0 with 1 tasks resource profile 0
21/11/08 05:39:21 INFO TaskSetManager: Starting task 0.0 in stage 10.0 (TID 7) (localhost, executor driver, partition 0, PROCESS_LOCAL, 369581 bytes) taskResourceAssignments Map()
21/11/08 05:39:21 INFO Executor: Running task 0.0 in stage 10.0 (TID 7)
21/11/08 05:39:21 INFO MemoryStore: Block rdd_27_0 stored as values in memory (estimated size 235.3 KiB, free 911.8 MiB)
21/11/08 05:39:21 INFO BlockManagerInfo: Added rdd_27_0 in memory on localhost:54449 (size: 235.3 KiB, free: 912.0 MiB)
21/11/08 05:39:21 INFO CodeGenerator: Code generated in 6.991843 ms
21/11/08 05:39:21 INFO Executor: 1 block locks were not released by task 0.0 in stage 10.0 (TID 7)
[rdd_27_0]
21/11/08 05:39:21 INFO Executor: Finished task 0.0 in stage 10.0 (TID 7). 2023 bytes result sent to driver
21/11/08 05:39:21 INFO TaskSetManager: Finished task 0.0 in stage 10.0 (TID 7) in 117 ms on localhost (executor driver) (1/1)
21/11/08 05:39:21 INFO TaskSchedulerImpl: Removed TaskSet 10.0, whose tasks have all completed, from pool 
21/11/08 05:39:21 INFO DAGScheduler: ShuffleMapStage 10 (collect at utils.scala:26) finished in 0.130 s
21/11/08 05:39:21 INFO DAGScheduler: looking for newly runnable stages
21/11/08 05:39:21 INFO DAGScheduler: running: Set()
21/11/08 05:39:21 INFO DAGScheduler: waiting: Set()
21/11/08 05:39:21 INFO DAGScheduler: failed: Set()
21/11/08 05:39:21 INFO CodeGenerator: Code generated in 28.727202 ms
21/11/08 05:39:21 INFO CodeGenerator: Code generated in 14.328133 ms
21/11/08 05:39:21 INFO CodeGenerator: Code generated in 10.722847 ms
21/11/08 05:39:21 INFO SparkContext: Starting job: collect at utils.scala:26
21/11/08 05:39:21 INFO DAGScheduler: Got job 9 (collect at utils.scala:26) with 1 output partitions
21/11/08 05:39:21 INFO DAGScheduler: Final stage: ResultStage 12 (collect at utils.scala:26)
21/11/08 05:39:21 INFO DAGScheduler: Parents of final stage: List(ShuffleMapStage 11)
21/11/08 05:39:21 INFO DAGScheduler: Missing parents: List()
21/11/08 05:39:21 INFO DAGScheduler: Submitting ResultStage 12 (MapPartitionsRDD[40] at collect at utils.scala:26), which has no missing parents
21/11/08 05:39:21 INFO MemoryStore: Block broadcast_13 stored as values in memory (estimated size 50.0 KiB, free 911.8 MiB)
21/11/08 05:39:21 INFO MemoryStore: Block broadcast_13_piece0 stored as bytes in memory (estimated size 19.7 KiB, free 911.8 MiB)
21/11/08 05:39:21 INFO BlockManagerInfo: Added broadcast_13_piece0 in memory on localhost:54449 (size: 19.7 KiB, free: 912.0 MiB)
21/11/08 05:39:21 INFO SparkContext: Created broadcast 13 from broadcast at DAGScheduler.scala:1427
21/11/08 05:39:21 INFO DAGScheduler: Submitting 1 missing tasks from ResultStage 12 (MapPartitionsRDD[40] at collect at utils.scala:26) (first 15 tasks are for partitions Vector(0))
21/11/08 05:39:21 INFO TaskSchedulerImpl: Adding task set 12.0 with 1 tasks resource profile 0
21/11/08 05:39:21 INFO TaskSetManager: Starting task 0.0 in stage 12.0 (TID 8) (localhost, executor driver, partition 0, NODE_LOCAL, 4453 bytes) taskResourceAssignments Map()
21/11/08 05:39:21 INFO Executor: Running task 0.0 in stage 12.0 (TID 8)
21/11/08 05:39:21 INFO ShuffleBlockFetcherIterator: Getting 1 (251.0 B) non-empty blocks including 1 (251.0 B) local and 0 (0.0 B) host-local and 0 (0.0 B) push-merged-local and 0 (0.0 B) remote blocks
21/11/08 05:39:21 INFO ShuffleBlockFetcherIterator: Started 0 remote fetches in 1 ms
21/11/08 05:39:21 INFO CodeGenerator: Code generated in 8.464557 ms
21/11/08 05:39:21 INFO BlockManagerInfo: Removed broadcast_5_piece0 on localhost:54449 in memory (size: 5.5 KiB, free: 912.0 MiB)
21/11/08 05:39:21 INFO CodeGenerator: Code generated in 9.536729 ms
21/11/08 05:39:21 INFO BlockManagerInfo: Removed broadcast_1_piece0 on localhost:54449 in memory (size: 3.7 KiB, free: 912.0 MiB)
21/11/08 05:39:21 INFO BlockManagerInfo: Removed broadcast_3_piece0 on localhost:54449 in memory (size: 5.5 KiB, free: 912.0 MiB)
21/11/08 05:39:21 INFO BlockManagerInfo: Removed broadcast_2_piece0 on localhost:54449 in memory (size: 5.5 KiB, free: 912.0 MiB)
21/11/08 05:39:21 INFO BlockManagerInfo: Removed broadcast_4_piece0 on localhost:54449 in memory (size: 3.7 KiB, free: 912.0 MiB)
21/11/08 05:39:21 INFO BlockManagerInfo: Removed broadcast_12_piece0 on localhost:54449 in memory (size: 8.5 KiB, free: 912.0 MiB)
21/11/08 05:39:21 INFO CodeGenerator: Code generated in 10.496095 ms
21/11/08 05:39:21 INFO BlockManagerInfo: Removed broadcast_0_piece0 on localhost:54449 in memory (size: 5.4 KiB, free: 912.0 MiB)
21/11/08 05:39:21 INFO BlockManagerInfo: Removed broadcast_6_piece0 on localhost:54449 in memory (size: 5.5 KiB, free: 912.0 MiB)
21/11/08 05:39:21 INFO CodeGenerator: Code generated in 9.552543 ms
21/11/08 05:39:21 INFO CodeGenerator: Code generated in 7.166907 ms
21/11/08 05:39:21 INFO CodeGenerator: Code generated in 4.709045 ms
21/11/08 05:39:21 INFO CodeGenerator: Code generated in 3.806613 ms
21/11/08 05:39:23 INFO Executor: Finished task 0.0 in stage 12.0 (TID 8). 3183 bytes result sent to driver
21/11/08 05:39:23 INFO TaskSetManager: Finished task 0.0 in stage 12.0 (TID 8) in 1842 ms on localhost (executor driver) (1/1)
21/11/08 05:39:23 INFO TaskSchedulerImpl: Removed TaskSet 12.0, whose tasks have all completed, from pool 
21/11/08 05:39:23 INFO DAGScheduler: ResultStage 12 (collect at utils.scala:26) finished in 1.855 s
21/11/08 05:39:23 INFO DAGScheduler: Job 9 is finished. Cancelling potential speculative or zombie tasks for this job
21/11/08 05:39:23 INFO TaskSchedulerImpl: Killing all running tasks in stage 12: Stage finished
21/11/08 05:39:23 INFO DAGScheduler: Job 9 finished: collect at utils.scala:26, took 1.859533 s
21/11/08 05:39:23 INFO CodeGenerator: Code generated in 5.674845 ms
21/11/08 05:39:23 INFO CodeGenerator: Code generated in 8.074889 ms
21/11/08 05:39:23 INFO DAGScheduler: Registering RDD 45 (count at utils.scala:24) as input to shuffle 4
21/11/08 05:39:23 INFO DAGScheduler: Got map stage job 10 (count at utils.scala:24) with 1 output partitions
21/11/08 05:39:23 INFO DAGScheduler: Final stage: ShuffleMapStage 13 (count at utils.scala:24)
21/11/08 05:39:23 INFO DAGScheduler: Parents of final stage: List()
21/11/08 05:39:23 INFO DAGScheduler: Missing parents: List()
21/11/08 05:39:23 INFO DAGScheduler: Submitting ShuffleMapStage 13 (MapPartitionsRDD[45] at count at utils.scala:24), which has no missing parents
21/11/08 05:39:23 INFO MemoryStore: Block broadcast_14 stored as values in memory (estimated size 22.4 KiB, free 911.9 MiB)
21/11/08 05:39:23 INFO MemoryStore: Block broadcast_14_piece0 stored as bytes in memory (estimated size 8.5 KiB, free 911.9 MiB)
21/11/08 05:39:23 INFO BlockManagerInfo: Added broadcast_14_piece0 in memory on localhost:54449 (size: 8.5 KiB, free: 912.0 MiB)
21/11/08 05:39:23 INFO SparkContext: Created broadcast 14 from broadcast at DAGScheduler.scala:1427
21/11/08 05:39:23 INFO DAGScheduler: Submitting 1 missing tasks from ShuffleMapStage 13 (MapPartitionsRDD[45] at count at utils.scala:24) (first 15 tasks are for partitions Vector(0))
21/11/08 05:39:23 INFO TaskSchedulerImpl: Adding task set 13.0 with 1 tasks resource profile 0
21/11/08 05:39:23 INFO TaskSetManager: Starting task 0.0 in stage 13.0 (TID 9) (localhost, executor driver, partition 0, PROCESS_LOCAL, 369581 bytes) taskResourceAssignments Map()
21/11/08 05:39:23 INFO Executor: Running task 0.0 in stage 13.0 (TID 9)
21/11/08 05:39:23 INFO BlockManager: Found block rdd_27_0 locally
21/11/08 05:39:23 INFO Executor: 1 block locks were not released by task 0.0 in stage 13.0 (TID 9)
[rdd_27_0]
21/11/08 05:39:23 INFO Executor: Finished task 0.0 in stage 13.0 (TID 9). 2109 bytes result sent to driver
21/11/08 05:39:23 INFO TaskSetManager: Finished task 0.0 in stage 13.0 (TID 9) in 12 ms on localhost (executor driver) (1/1)
21/11/08 05:39:23 INFO TaskSchedulerImpl: Removed TaskSet 13.0, whose tasks have all completed, from pool 
21/11/08 05:39:23 INFO DAGScheduler: ShuffleMapStage 13 (count at utils.scala:24) finished in 0.018 s
21/11/08 05:39:23 INFO DAGScheduler: looking for newly runnable stages
21/11/08 05:39:23 INFO DAGScheduler: running: Set()
21/11/08 05:39:23 INFO DAGScheduler: waiting: Set()
21/11/08 05:39:23 INFO DAGScheduler: failed: Set()
21/11/08 05:39:23 INFO CodeGenerator: Code generated in 6.47645 ms
21/11/08 05:39:23 INFO CodeGenerator: Code generated in 4.812512 ms
21/11/08 05:39:23 INFO SparkContext: Starting job: count at utils.scala:24
21/11/08 05:39:23 INFO DAGScheduler: Got job 11 (count at utils.scala:24) with 1 output partitions
21/11/08 05:39:23 INFO DAGScheduler: Final stage: ResultStage 15 (count at utils.scala:24)
21/11/08 05:39:23 INFO DAGScheduler: Parents of final stage: List(ShuffleMapStage 14)
21/11/08 05:39:23 INFO DAGScheduler: Missing parents: List()
21/11/08 05:39:23 INFO DAGScheduler: Submitting ResultStage 15 (MapPartitionsRDD[53] at count at utils.scala:24), which has no missing parents
21/11/08 05:39:23 INFO MemoryStore: Block broadcast_15 stored as values in memory (estimated size 44.3 KiB, free 911.8 MiB)
21/11/08 05:39:23 INFO MemoryStore: Block broadcast_15_piece0 stored as bytes in memory (estimated size 18.7 KiB, free 911.8 MiB)
21/11/08 05:39:23 INFO BlockManagerInfo: Added broadcast_15_piece0 in memory on localhost:54449 (size: 18.7 KiB, free: 912.0 MiB)
21/11/08 05:39:23 INFO SparkContext: Created broadcast 15 from broadcast at DAGScheduler.scala:1427
21/11/08 05:39:23 INFO DAGScheduler: Submitting 1 missing tasks from ResultStage 15 (MapPartitionsRDD[53] at count at utils.scala:24) (first 15 tasks are for partitions Vector(0))
21/11/08 05:39:23 INFO TaskSchedulerImpl: Adding task set 15.0 with 1 tasks resource profile 0
21/11/08 05:39:23 INFO TaskSetManager: Starting task 0.0 in stage 15.0 (TID 10) (localhost, executor driver, partition 0, NODE_LOCAL, 4453 bytes) taskResourceAssignments Map()
21/11/08 05:39:23 INFO Executor: Running task 0.0 in stage 15.0 (TID 10)
21/11/08 05:39:23 INFO ShuffleBlockFetcherIterator: Getting 1 (251.0 B) non-empty blocks including 1 (251.0 B) local and 0 (0.0 B) host-local and 0 (0.0 B) push-merged-local and 0 (0.0 B) remote blocks
21/11/08 05:39:23 INFO ShuffleBlockFetcherIterator: Started 0 remote fetches in 0 ms
21/11/08 05:39:24 INFO Executor: Finished task 0.0 in stage 15.0 (TID 10). 3353 bytes result sent to driver
21/11/08 05:39:24 INFO TaskSetManager: Finished task 0.0 in stage 15.0 (TID 10) in 1572 ms on localhost (executor driver) (1/1)
21/11/08 05:39:24 INFO TaskSchedulerImpl: Removed TaskSet 15.0, whose tasks have all completed, from pool 
21/11/08 05:39:24 INFO DAGScheduler: ResultStage 15 (count at utils.scala:24) finished in 1.576 s
21/11/08 05:39:24 INFO DAGScheduler: Job 11 is finished. Cancelling potential speculative or zombie tasks for this job
21/11/08 05:39:24 INFO TaskSchedulerImpl: Killing all running tasks in stage 15: Stage finished
21/11/08 05:39:24 INFO DAGScheduler: Job 11 finished: count at utils.scala:24, took 1.579043 s
21/11/08 05:39:24 INFO MemoryStore: Block broadcast_16 stored as values in memory (estimated size 69.5 KiB, free 911.8 MiB)
21/11/08 05:39:24 INFO MemoryStore: Block broadcast_16_piece0 stored as bytes in memory (estimated size 18.9 KiB, free 911.7 MiB)
21/11/08 05:39:24 INFO BlockManagerInfo: Added broadcast_16_piece0 in memory on localhost:54449 (size: 18.9 KiB, free: 912.0 MiB)
21/11/08 05:39:24 INFO SparkContext: Created broadcast 16 from broadcast at workerhelper.scala:104
21/11/08 05:39:24 INFO MemoryStore: Block broadcast_17 stored as values in memory (estimated size 40.0 B, free 911.7 MiB)
21/11/08 05:39:24 INFO MemoryStore: Block broadcast_17_piece0 stored as bytes in memory (estimated size 69.0 B, free 911.7 MiB)
21/11/08 05:39:24 INFO BlockManagerInfo: Added broadcast_17_piece0 in memory on localhost:54449 (size: 69.0 B, free: 912.0 MiB)
21/11/08 05:39:24 INFO SparkContext: Created broadcast 17 from broadcast at workerhelper.scala:105
21/11/08 05:39:24 INFO MemoryStore: Block broadcast_18 stored as values in memory (estimated size 464.0 B, free 911.7 MiB)
21/11/08 05:39:24 INFO MemoryStore: Block broadcast_18_piece0 stored as bytes in memory (estimated size 285.0 B, free 911.7 MiB)
21/11/08 05:39:24 INFO BlockManagerInfo: Added broadcast_18_piece0 in memory on localhost:54449 (size: 285.0 B, free: 912.0 MiB)
21/11/08 05:39:24 INFO SparkContext: Created broadcast 18 from broadcast at workerhelper.scala:106
21/11/08 05:39:24 INFO MemoryStore: Block broadcast_19 stored as values in memory (estimated size 1320.0 B, free 911.7 MiB)
21/11/08 05:39:24 INFO MemoryStore: Block broadcast_19_piece0 stored as bytes in memory (estimated size 501.0 B, free 911.7 MiB)
21/11/08 05:39:24 INFO BlockManagerInfo: Added broadcast_19_piece0 in memory on localhost:54449 (size: 501.0 B, free: 912.0 MiB)
21/11/08 05:39:24 INFO SparkContext: Created broadcast 19 from broadcast at workerhelper.scala:107
21/11/08 05:39:24 INFO MemoryStore: Block broadcast_20 stored as values in memory (estimated size 1928.0 B, free 911.7 MiB)
21/11/08 05:39:24 INFO MemoryStore: Block broadcast_20_piece0 stored as bytes in memory (estimated size 1033.0 B, free 911.7 MiB)
21/11/08 05:39:24 INFO BlockManagerInfo: Added broadcast_20_piece0 in memory on localhost:54449 (size: 1033.0 B, free: 912.0 MiB)
21/11/08 05:39:24 INFO SparkContext: Created broadcast 20 from broadcast at workerhelper.scala:108
21/11/08 05:39:25 INFO CodeGenerator: Code generated in 4.089303 ms
21/11/08 05:39:25 INFO SparkContext: Starting job: collect at utils.scala:26
21/11/08 05:39:25 INFO DAGScheduler: Got job 12 (collect at utils.scala:26) with 1 output partitions
21/11/08 05:39:25 INFO DAGScheduler: Final stage: ResultStage 16 (collect at utils.scala:26)
21/11/08 05:39:25 INFO DAGScheduler: Parents of final stage: List()
21/11/08 05:39:25 INFO DAGScheduler: Missing parents: List()
21/11/08 05:39:25 INFO DAGScheduler: Submitting ResultStage 16 (MapPartitionsRDD[55] at collect at utils.scala:26), which has no missing parents
21/11/08 05:39:25 INFO MemoryStore: Block broadcast_21 stored as values in memory (estimated size 7.1 KiB, free 911.7 MiB)
21/11/08 05:39:25 INFO MemoryStore: Block broadcast_21_piece0 stored as bytes in memory (estimated size 3.7 KiB, free 911.7 MiB)
21/11/08 05:39:25 INFO BlockManagerInfo: Added broadcast_21_piece0 in memory on localhost:54449 (size: 3.7 KiB, free: 912.0 MiB)
21/11/08 05:39:25 INFO SparkContext: Created broadcast 21 from broadcast at DAGScheduler.scala:1427
21/11/08 05:39:25 INFO DAGScheduler: Submitting 1 missing tasks from ResultStage 16 (MapPartitionsRDD[55] at collect at utils.scala:26) (first 15 tasks are for partitions Vector(0))
21/11/08 05:39:25 INFO TaskSchedulerImpl: Adding task set 16.0 with 1 tasks resource profile 0
21/11/08 05:39:25 INFO TaskSetManager: Starting task 0.0 in stage 16.0 (TID 11) (localhost, executor driver, partition 0, PROCESS_LOCAL, 4661 bytes) taskResourceAssignments Map()
21/11/08 05:39:25 INFO Executor: Running task 0.0 in stage 16.0 (TID 11)
21/11/08 05:39:25 INFO Executor: Finished task 0.0 in stage 16.0 (TID 11). 1397 bytes result sent to driver
21/11/08 05:39:25 INFO TaskSetManager: Finished task 0.0 in stage 16.0 (TID 11) in 4 ms on localhost (executor driver) (1/1)
21/11/08 05:39:25 INFO TaskSchedulerImpl: Removed TaskSet 16.0, whose tasks have all completed, from pool 
21/11/08 05:39:25 INFO DAGScheduler: ResultStage 16 (collect at utils.scala:26) finished in 0.007 s
21/11/08 05:39:25 INFO DAGScheduler: Job 12 is finished. Cancelling potential speculative or zombie tasks for this job
21/11/08 05:39:25 INFO TaskSchedulerImpl: Killing all running tasks in stage 16: Stage finished
21/11/08 05:39:25 INFO DAGScheduler: Job 12 finished: collect at utils.scala:26, took 0.008100 s
21/11/08 05:39:25 INFO CodeGenerator: Code generated in 3.617941 ms
21/11/08 05:39:25 INFO DAGScheduler: Registering RDD 57 (count at utils.scala:24) as input to shuffle 5
21/11/08 05:39:25 INFO DAGScheduler: Got map stage job 13 (count at utils.scala:24) with 1 output partitions
21/11/08 05:39:25 INFO DAGScheduler: Final stage: ShuffleMapStage 17 (count at utils.scala:24)
21/11/08 05:39:25 INFO DAGScheduler: Parents of final stage: List()
21/11/08 05:39:25 INFO DAGScheduler: Missing parents: List()
21/11/08 05:39:25 INFO DAGScheduler: Submitting ShuffleMapStage 17 (MapPartitionsRDD[57] at count at utils.scala:24), which has no missing parents
21/11/08 05:39:25 INFO MemoryStore: Block broadcast_22 stored as values in memory (estimated size 10.5 KiB, free 911.7 MiB)
21/11/08 05:39:25 INFO MemoryStore: Block broadcast_22_piece0 stored as bytes in memory (estimated size 5.5 KiB, free 911.7 MiB)
21/11/08 05:39:25 INFO BlockManagerInfo: Added broadcast_22_piece0 in memory on localhost:54449 (size: 5.5 KiB, free: 912.0 MiB)
21/11/08 05:39:25 INFO SparkContext: Created broadcast 22 from broadcast at DAGScheduler.scala:1427
21/11/08 05:39:25 INFO DAGScheduler: Submitting 1 missing tasks from ShuffleMapStage 17 (MapPartitionsRDD[57] at count at utils.scala:24) (first 15 tasks are for partitions Vector(0))
21/11/08 05:39:25 INFO TaskSchedulerImpl: Adding task set 17.0 with 1 tasks resource profile 0
21/11/08 05:39:25 INFO TaskSetManager: Starting task 0.0 in stage 17.0 (TID 12) (localhost, executor driver, partition 0, PROCESS_LOCAL, 4650 bytes) taskResourceAssignments Map()
21/11/08 05:39:25 INFO Executor: Running task 0.0 in stage 17.0 (TID 12)
21/11/08 05:39:25 INFO Executor: Finished task 0.0 in stage 17.0 (TID 12). 1827 bytes result sent to driver
21/11/08 05:39:25 INFO TaskSetManager: Finished task 0.0 in stage 17.0 (TID 12) in 4 ms on localhost (executor driver) (1/1)
21/11/08 05:39:25 INFO TaskSchedulerImpl: Removed TaskSet 17.0, whose tasks have all completed, from pool 
21/11/08 05:39:25 INFO DAGScheduler: ShuffleMapStage 17 (count at utils.scala:24) finished in 0.009 s
21/11/08 05:39:25 INFO DAGScheduler: looking for newly runnable stages
21/11/08 05:39:25 INFO DAGScheduler: running: Set()
21/11/08 05:39:25 INFO DAGScheduler: waiting: Set()
21/11/08 05:39:25 INFO DAGScheduler: failed: Set()
21/11/08 05:39:25 INFO SparkContext: Starting job: count at utils.scala:24
21/11/08 05:39:25 INFO DAGScheduler: Got job 14 (count at utils.scala:24) with 1 output partitions
21/11/08 05:39:25 INFO DAGScheduler: Final stage: ResultStage 19 (count at utils.scala:24)
21/11/08 05:39:25 INFO DAGScheduler: Parents of final stage: List(ShuffleMapStage 18)
21/11/08 05:39:25 INFO DAGScheduler: Missing parents: List()
21/11/08 05:39:25 INFO DAGScheduler: Submitting ResultStage 19 (MapPartitionsRDD[60] at count at utils.scala:24), which has no missing parents
21/11/08 05:39:25 INFO MemoryStore: Block broadcast_23 stored as values in memory (estimated size 11.0 KiB, free 911.7 MiB)
21/11/08 05:39:25 INFO MemoryStore: Block broadcast_23_piece0 stored as bytes in memory (estimated size 5.5 KiB, free 911.7 MiB)
21/11/08 05:39:25 INFO BlockManagerInfo: Added broadcast_23_piece0 in memory on localhost:54449 (size: 5.5 KiB, free: 912.0 MiB)
21/11/08 05:39:25 INFO SparkContext: Created broadcast 23 from broadcast at DAGScheduler.scala:1427
21/11/08 05:39:25 INFO DAGScheduler: Submitting 1 missing tasks from ResultStage 19 (MapPartitionsRDD[60] at count at utils.scala:24) (first 15 tasks are for partitions Vector(0))
21/11/08 05:39:25 INFO TaskSchedulerImpl: Adding task set 19.0 with 1 tasks resource profile 0
21/11/08 05:39:25 INFO TaskSetManager: Starting task 0.0 in stage 19.0 (TID 13) (localhost, executor driver, partition 0, NODE_LOCAL, 4453 bytes) taskResourceAssignments Map()
21/11/08 05:39:25 INFO Executor: Running task 0.0 in stage 19.0 (TID 13)
21/11/08 05:39:25 INFO ShuffleBlockFetcherIterator: Getting 1 (60.0 B) non-empty blocks including 1 (60.0 B) local and 0 (0.0 B) host-local and 0 (0.0 B) push-merged-local and 0 (0.0 B) remote blocks
21/11/08 05:39:25 INFO ShuffleBlockFetcherIterator: Started 0 remote fetches in 0 ms
21/11/08 05:39:25 INFO Executor: Finished task 0.0 in stage 19.0 (TID 13). 2648 bytes result sent to driver
21/11/08 05:39:25 INFO TaskSetManager: Finished task 0.0 in stage 19.0 (TID 13) in 4 ms on localhost (executor driver) (1/1)
21/11/08 05:39:25 INFO TaskSchedulerImpl: Removed TaskSet 19.0, whose tasks have all completed, from pool 
21/11/08 05:39:25 INFO DAGScheduler: ResultStage 19 (count at utils.scala:24) finished in 0.007 s
21/11/08 05:39:25 INFO DAGScheduler: Job 14 is finished. Cancelling potential speculative or zombie tasks for this job
21/11/08 05:39:25 INFO TaskSchedulerImpl: Killing all running tasks in stage 19: Stage finished
21/11/08 05:39:25 INFO DAGScheduler: Job 14 finished: count at utils.scala:24, took 0.008707 s
21/11/08 05:39:25 INFO CodeGenerator: Code generated in 5.882111 ms
21/11/08 05:39:25 INFO CodeGenerator: Code generated in 7.952499 ms
21/11/08 05:39:25 INFO CodeGenerator: Code generated in 6.150622 ms
21/11/08 05:39:25 INFO CodeGenerator: Code generated in 6.364055 ms
21/11/08 05:39:25 INFO DAGScheduler: Registering RDD 66 (sql at NativeMethodAccessorImpl.java:0) as input to shuffle 6
21/11/08 05:39:25 INFO DAGScheduler: Registering RDD 78 (sql at NativeMethodAccessorImpl.java:0) as input to shuffle 7
21/11/08 05:39:25 INFO DAGScheduler: Got map stage job 15 (sql at NativeMethodAccessorImpl.java:0) with 16 output partitions
21/11/08 05:39:25 INFO DAGScheduler: Final stage: ShuffleMapStage 21 (sql at NativeMethodAccessorImpl.java:0)
21/11/08 05:39:25 INFO DAGScheduler: Parents of final stage: List(ShuffleMapStage 20)
21/11/08 05:39:25 INFO DAGScheduler: Missing parents: List(ShuffleMapStage 20)
21/11/08 05:39:25 INFO DAGScheduler: Submitting ShuffleMapStage 20 (MapPartitionsRDD[66] at sql at NativeMethodAccessorImpl.java:0), which has no missing parents
21/11/08 05:39:25 INFO MemoryStore: Block broadcast_24 stored as values in memory (estimated size 31.6 KiB, free 911.7 MiB)
21/11/08 05:39:25 INFO MemoryStore: Block broadcast_24_piece0 stored as bytes in memory (estimated size 12.6 KiB, free 911.6 MiB)
21/11/08 05:39:25 INFO BlockManagerInfo: Added broadcast_24_piece0 in memory on localhost:54449 (size: 12.6 KiB, free: 912.0 MiB)
21/11/08 05:39:25 INFO SparkContext: Created broadcast 24 from broadcast at DAGScheduler.scala:1427
21/11/08 05:39:25 INFO DAGScheduler: Submitting 1 missing tasks from ShuffleMapStage 20 (MapPartitionsRDD[66] at sql at NativeMethodAccessorImpl.java:0) (first 15 tasks are for partitions Vector(0))
21/11/08 05:39:25 INFO TaskSchedulerImpl: Adding task set 20.0 with 1 tasks resource profile 0
21/11/08 05:39:25 INFO TaskSetManager: Starting task 0.0 in stage 20.0 (TID 14) (localhost, executor driver, partition 0, PROCESS_LOCAL, 369581 bytes) taskResourceAssignments Map()
21/11/08 05:39:25 INFO Executor: Running task 0.0 in stage 20.0 (TID 14)
21/11/08 05:39:25 INFO BlockManager: Found block rdd_27_0 locally
21/11/08 05:39:25 INFO CodeGenerator: Code generated in 8.307811 ms
21/11/08 05:39:25 INFO Executor: Finished task 0.0 in stage 20.0 (TID 14). 2124 bytes result sent to driver
21/11/08 05:39:25 INFO TaskSetManager: Finished task 0.0 in stage 20.0 (TID 14) in 76 ms on localhost (executor driver) (1/1)
21/11/08 05:39:25 INFO TaskSchedulerImpl: Removed TaskSet 20.0, whose tasks have all completed, from pool 
21/11/08 05:39:25 INFO DAGScheduler: ShuffleMapStage 20 (sql at NativeMethodAccessorImpl.java:0) finished in 0.082 s
21/11/08 05:39:25 INFO DAGScheduler: looking for newly runnable stages
21/11/08 05:39:25 INFO DAGScheduler: running: Set()
21/11/08 05:39:25 INFO DAGScheduler: waiting: Set(ShuffleMapStage 21)
21/11/08 05:39:25 INFO DAGScheduler: failed: Set()
21/11/08 05:39:25 INFO DAGScheduler: Submitting ShuffleMapStage 21 (MapPartitionsRDD[78] at sql at NativeMethodAccessorImpl.java:0), which has no missing parents
21/11/08 05:39:25 INFO MemoryStore: Block broadcast_25 stored as values in memory (estimated size 47.8 KiB, free 911.6 MiB)
21/11/08 05:39:25 INFO MemoryStore: Block broadcast_25_piece0 stored as bytes in memory (estimated size 19.8 KiB, free 911.6 MiB)
21/11/08 05:39:25 INFO BlockManagerInfo: Added broadcast_25_piece0 in memory on localhost:54449 (size: 19.8 KiB, free: 911.9 MiB)
21/11/08 05:39:25 INFO SparkContext: Created broadcast 25 from broadcast at DAGScheduler.scala:1427
21/11/08 05:39:25 INFO DAGScheduler: Submitting 16 missing tasks from ShuffleMapStage 21 (MapPartitionsRDD[78] at sql at NativeMethodAccessorImpl.java:0) (first 15 tasks are for partitions Vector(0, 1, 2, 3, 4, 5, 6, 7, 8, 9, 10, 11, 12, 13, 14))
21/11/08 05:39:25 INFO TaskSchedulerImpl: Adding task set 21.0 with 16 tasks resource profile 0
21/11/08 05:39:25 INFO TaskSetManager: Starting task 0.0 in stage 21.0 (TID 15) (localhost, executor driver, partition 0, NODE_LOCAL, 4442 bytes) taskResourceAssignments Map()
21/11/08 05:39:25 INFO TaskSetManager: Starting task 1.0 in stage 21.0 (TID 16) (localhost, executor driver, partition 1, NODE_LOCAL, 4442 bytes) taskResourceAssignments Map()
21/11/08 05:39:25 INFO TaskSetManager: Starting task 2.0 in stage 21.0 (TID 17) (localhost, executor driver, partition 2, NODE_LOCAL, 4442 bytes) taskResourceAssignments Map()
21/11/08 05:39:25 INFO TaskSetManager: Starting task 3.0 in stage 21.0 (TID 18) (localhost, executor driver, partition 3, NODE_LOCAL, 4442 bytes) taskResourceAssignments Map()
21/11/08 05:39:25 INFO TaskSetManager: Starting task 4.0 in stage 21.0 (TID 19) (localhost, executor driver, partition 4, NODE_LOCAL, 4442 bytes) taskResourceAssignments Map()
21/11/08 05:39:25 INFO TaskSetManager: Starting task 5.0 in stage 21.0 (TID 20) (localhost, executor driver, partition 5, NODE_LOCAL, 4442 bytes) taskResourceAssignments Map()
21/11/08 05:39:25 INFO TaskSetManager: Starting task 6.0 in stage 21.0 (TID 21) (localhost, executor driver, partition 6, NODE_LOCAL, 4442 bytes) taskResourceAssignments Map()
21/11/08 05:39:25 INFO TaskSetManager: Starting task 7.0 in stage 21.0 (TID 22) (localhost, executor driver, partition 7, NODE_LOCAL, 4442 bytes) taskResourceAssignments Map()
21/11/08 05:39:25 INFO TaskSetManager: Starting task 8.0 in stage 21.0 (TID 23) (localhost, executor driver, partition 8, NODE_LOCAL, 4442 bytes) taskResourceAssignments Map()
21/11/08 05:39:25 INFO TaskSetManager: Starting task 9.0 in stage 21.0 (TID 24) (localhost, executor driver, partition 9, NODE_LOCAL, 4442 bytes) taskResourceAssignments Map()
21/11/08 05:39:25 INFO TaskSetManager: Starting task 10.0 in stage 21.0 (TID 25) (localhost, executor driver, partition 10, NODE_LOCAL, 4442 bytes) taskResourceAssignments Map()
21/11/08 05:39:25 INFO TaskSetManager: Starting task 11.0 in stage 21.0 (TID 26) (localhost, executor driver, partition 11, NODE_LOCAL, 4442 bytes) taskResourceAssignments Map()
21/11/08 05:39:25 INFO TaskSetManager: Starting task 12.0 in stage 21.0 (TID 27) (localhost, executor driver, partition 12, NODE_LOCAL, 4442 bytes) taskResourceAssignments Map()
21/11/08 05:39:25 INFO TaskSetManager: Starting task 13.0 in stage 21.0 (TID 28) (localhost, executor driver, partition 13, NODE_LOCAL, 4442 bytes) taskResourceAssignments Map()
21/11/08 05:39:25 INFO TaskSetManager: Starting task 14.0 in stage 21.0 (TID 29) (localhost, executor driver, partition 14, NODE_LOCAL, 4442 bytes) taskResourceAssignments Map()
21/11/08 05:39:25 INFO TaskSetManager: Starting task 15.0 in stage 21.0 (TID 30) (localhost, executor driver, partition 15, NODE_LOCAL, 4442 bytes) taskResourceAssignments Map()
21/11/08 05:39:25 INFO Executor: Running task 0.0 in stage 21.0 (TID 15)
21/11/08 05:39:25 INFO Executor: Running task 1.0 in stage 21.0 (TID 16)
21/11/08 05:39:25 INFO Executor: Running task 2.0 in stage 21.0 (TID 17)
21/11/08 05:39:25 INFO Executor: Running task 3.0 in stage 21.0 (TID 18)
21/11/08 05:39:25 INFO Executor: Running task 4.0 in stage 21.0 (TID 19)
21/11/08 05:39:25 INFO Executor: Running task 5.0 in stage 21.0 (TID 20)
21/11/08 05:39:25 INFO Executor: Running task 7.0 in stage 21.0 (TID 22)
21/11/08 05:39:25 INFO Executor: Running task 8.0 in stage 21.0 (TID 23)
21/11/08 05:39:25 INFO Executor: Running task 6.0 in stage 21.0 (TID 21)
21/11/08 05:39:25 INFO Executor: Running task 9.0 in stage 21.0 (TID 24)
21/11/08 05:39:25 INFO Executor: Running task 10.0 in stage 21.0 (TID 25)
21/11/08 05:39:25 INFO Executor: Running task 11.0 in stage 21.0 (TID 26)
21/11/08 05:39:25 INFO Executor: Running task 12.0 in stage 21.0 (TID 27)
21/11/08 05:39:25 INFO Executor: Running task 13.0 in stage 21.0 (TID 28)
21/11/08 05:39:25 INFO Executor: Running task 14.0 in stage 21.0 (TID 29)
21/11/08 05:39:25 INFO Executor: Running task 15.0 in stage 21.0 (TID 30)
21/11/08 05:39:25 INFO ShuffleBlockFetcherIterator: Getting 1 (2.0 KiB) non-empty blocks including 1 (2.0 KiB) local and 0 (0.0 B) host-local and 0 (0.0 B) push-merged-local and 0 (0.0 B) remote blocks
21/11/08 05:39:25 INFO ShuffleBlockFetcherIterator: Started 0 remote fetches in 1 ms
21/11/08 05:39:25 INFO ShuffleBlockFetcherIterator: Getting 1 (4.3 KiB) non-empty blocks including 1 (4.3 KiB) local and 0 (0.0 B) host-local and 0 (0.0 B) push-merged-local and 0 (0.0 B) remote blocks
21/11/08 05:39:25 INFO ShuffleBlockFetcherIterator: Started 0 remote fetches in 0 ms
21/11/08 05:39:25 INFO ShuffleBlockFetcherIterator: Getting 1 (3.5 KiB) non-empty blocks including 1 (3.5 KiB) local and 0 (0.0 B) host-local and 0 (0.0 B) push-merged-local and 0 (0.0 B) remote blocks
21/11/08 05:39:25 INFO ShuffleBlockFetcherIterator: Started 0 remote fetches in 1 ms
21/11/08 05:39:25 INFO ShuffleBlockFetcherIterator: Getting 1 (3.5 KiB) non-empty blocks including 1 (3.5 KiB) local and 0 (0.0 B) host-local and 0 (0.0 B) push-merged-local and 0 (0.0 B) remote blocks
21/11/08 05:39:25 INFO ShuffleBlockFetcherIterator: Started 0 remote fetches in 0 ms
21/11/08 05:39:25 INFO ShuffleBlockFetcherIterator: Getting 1 (2.0 KiB) non-empty blocks including 1 (2.0 KiB) local and 0 (0.0 B) host-local and 0 (0.0 B) push-merged-local and 0 (0.0 B) remote blocks
21/11/08 05:39:25 INFO ShuffleBlockFetcherIterator: Getting 1 (3.2 KiB) non-empty blocks including 1 (3.2 KiB) local and 0 (0.0 B) host-local and 0 (0.0 B) push-merged-local and 0 (0.0 B) remote blocks
21/11/08 05:39:25 INFO ShuffleBlockFetcherIterator: Started 0 remote fetches in 0 ms
21/11/08 05:39:25 INFO ShuffleBlockFetcherIterator: Started 0 remote fetches in 0 ms
21/11/08 05:39:25 INFO ShuffleBlockFetcherIterator: Getting 1 (4.3 KiB) non-empty blocks including 1 (4.3 KiB) local and 0 (0.0 B) host-local and 0 (0.0 B) push-merged-local and 0 (0.0 B) remote blocks
21/11/08 05:39:25 INFO ShuffleBlockFetcherIterator: Getting 1 (2.0 KiB) non-empty blocks including 1 (2.0 KiB) local and 0 (0.0 B) host-local and 0 (0.0 B) push-merged-local and 0 (0.0 B) remote blocks
21/11/08 05:39:25 INFO ShuffleBlockFetcherIterator: Getting 1 (6.3 KiB) non-empty blocks including 1 (6.3 KiB) local and 0 (0.0 B) host-local and 0 (0.0 B) push-merged-local and 0 (0.0 B) remote blocks
21/11/08 05:39:25 INFO ShuffleBlockFetcherIterator: Started 0 remote fetches in 0 ms
21/11/08 05:39:25 INFO ShuffleBlockFetcherIterator: Getting 1 (4.7 KiB) non-empty blocks including 1 (4.7 KiB) local and 0 (0.0 B) host-local and 0 (0.0 B) push-merged-local and 0 (0.0 B) remote blocks
21/11/08 05:39:25 INFO ShuffleBlockFetcherIterator: Started 0 remote fetches in 0 ms
21/11/08 05:39:25 INFO ShuffleBlockFetcherIterator: Getting 1 (1399.0 B) non-empty blocks including 1 (1399.0 B) local and 0 (0.0 B) host-local and 0 (0.0 B) push-merged-local and 0 (0.0 B) remote blocks
21/11/08 05:39:25 INFO ShuffleBlockFetcherIterator: Started 0 remote fetches in 0 ms
21/11/08 05:39:25 INFO ShuffleBlockFetcherIterator: Getting 1 (6.9 KiB) non-empty blocks including 1 (6.9 KiB) local and 0 (0.0 B) host-local and 0 (0.0 B) push-merged-local and 0 (0.0 B) remote blocks
21/11/08 05:39:25 INFO ShuffleBlockFetcherIterator: Started 0 remote fetches in 0 ms
21/11/08 05:39:25 INFO ShuffleBlockFetcherIterator: Getting 1 (3.5 KiB) non-empty blocks including 1 (3.5 KiB) local and 0 (0.0 B) host-local and 0 (0.0 B) push-merged-local and 0 (0.0 B) remote blocks
21/11/08 05:39:25 INFO ShuffleBlockFetcherIterator: Started 0 remote fetches in 1 ms
21/11/08 05:39:25 INFO ShuffleBlockFetcherIterator: Getting 1 (4.3 KiB) non-empty blocks including 1 (4.3 KiB) local and 0 (0.0 B) host-local and 0 (0.0 B) push-merged-local and 0 (0.0 B) remote blocks
21/11/08 05:39:25 INFO ShuffleBlockFetcherIterator: Started 0 remote fetches in 0 ms
21/11/08 05:39:25 INFO ShuffleBlockFetcherIterator: Getting 1 (4.7 KiB) non-empty blocks including 1 (4.7 KiB) local and 0 (0.0 B) host-local and 0 (0.0 B) push-merged-local and 0 (0.0 B) remote blocks
21/11/08 05:39:25 INFO ShuffleBlockFetcherIterator: Started 0 remote fetches in 0 ms
21/11/08 05:39:25 INFO ShuffleBlockFetcherIterator: Started 0 remote fetches in 0 ms
21/11/08 05:39:25 INFO ShuffleBlockFetcherIterator: Started 0 remote fetches in 1 ms
21/11/08 05:39:25 INFO ShuffleBlockFetcherIterator: Getting 1 (4.7 KiB) non-empty blocks including 1 (4.7 KiB) local and 0 (0.0 B) host-local and 0 (0.0 B) push-merged-local and 0 (0.0 B) remote blocks
21/11/08 05:39:25 INFO ShuffleBlockFetcherIterator: Started 0 remote fetches in 0 ms
21/11/08 05:39:29 INFO MemoryStore: Block rdd_73_0 stored as values in memory (estimated size 376.0 B, free 911.6 MiB)
21/11/08 05:39:29 INFO BlockManagerInfo: Added rdd_73_0 in memory on localhost:54449 (size: 376.0 B, free: 911.9 MiB)
21/11/08 05:39:29 INFO Executor: Finished task 0.0 in stage 21.0 (TID 15). 3984 bytes result sent to driver
21/11/08 05:39:29 INFO TaskSetManager: Finished task 0.0 in stage 21.0 (TID 15) in 4279 ms on localhost (executor driver) (1/16)
21/11/08 05:39:30 INFO MemoryStore: Block rdd_73_2 stored as values in memory (estimated size 392.0 B, free 911.6 MiB)
21/11/08 05:39:30 INFO BlockManagerInfo: Added rdd_73_2 in memory on localhost:54449 (size: 392.0 B, free: 911.9 MiB)
21/11/08 05:39:30 INFO MemoryStore: Block rdd_73_7 stored as values in memory (estimated size 392.0 B, free 911.6 MiB)
21/11/08 05:39:30 INFO BlockManagerInfo: Added rdd_73_7 in memory on localhost:54449 (size: 392.0 B, free: 911.9 MiB)
21/11/08 05:39:30 INFO Executor: Finished task 2.0 in stage 21.0 (TID 17). 3984 bytes result sent to driver
21/11/08 05:39:30 INFO TaskSetManager: Finished task 2.0 in stage 21.0 (TID 17) in 4901 ms on localhost (executor driver) (2/16)
21/11/08 05:39:30 INFO Executor: Finished task 7.0 in stage 21.0 (TID 22). 3984 bytes result sent to driver
21/11/08 05:39:30 INFO TaskSetManager: Finished task 7.0 in stage 21.0 (TID 22) in 4905 ms on localhost (executor driver) (3/16)
21/11/08 05:39:30 INFO MemoryStore: Block rdd_73_1 stored as values in memory (estimated size 392.0 B, free 911.6 MiB)
21/11/08 05:39:30 INFO BlockManagerInfo: Added rdd_73_1 in memory on localhost:54449 (size: 392.0 B, free: 911.9 MiB)
21/11/08 05:39:30 INFO Executor: Finished task 1.0 in stage 21.0 (TID 16). 3984 bytes result sent to driver
21/11/08 05:39:30 INFO TaskSetManager: Finished task 1.0 in stage 21.0 (TID 16) in 5011 ms on localhost (executor driver) (4/16)
21/11/08 05:39:31 INFO MemoryStore: Block rdd_73_10 stored as values in memory (estimated size 424.0 B, free 911.6 MiB)
21/11/08 05:39:31 INFO BlockManagerInfo: Added rdd_73_10 in memory on localhost:54449 (size: 424.0 B, free: 911.9 MiB)
21/11/08 05:39:31 INFO Executor: Finished task 10.0 in stage 21.0 (TID 25). 3984 bytes result sent to driver
21/11/08 05:39:31 INFO TaskSetManager: Finished task 10.0 in stage 21.0 (TID 25) in 5939 ms on localhost (executor driver) (5/16)
21/11/08 05:39:31 INFO MemoryStore: Block rdd_73_11 stored as values in memory (estimated size 440.0 B, free 911.6 MiB)
21/11/08 05:39:31 INFO BlockManagerInfo: Added rdd_73_11 in memory on localhost:54449 (size: 440.0 B, free: 911.9 MiB)
21/11/08 05:39:31 INFO Executor: Finished task 11.0 in stage 21.0 (TID 26). 3984 bytes result sent to driver
21/11/08 05:39:31 INFO TaskSetManager: Finished task 11.0 in stage 21.0 (TID 26) in 6371 ms on localhost (executor driver) (6/16)
21/11/08 05:39:31 INFO MemoryStore: Block rdd_73_5 stored as values in memory (estimated size 440.0 B, free 911.6 MiB)
21/11/08 05:39:31 INFO BlockManagerInfo: Added rdd_73_5 in memory on localhost:54449 (size: 440.0 B, free: 911.9 MiB)
21/11/08 05:39:31 INFO Executor: Finished task 5.0 in stage 21.0 (TID 20). 3984 bytes result sent to driver
21/11/08 05:39:31 INFO TaskSetManager: Finished task 5.0 in stage 21.0 (TID 20) in 6387 ms on localhost (executor driver) (7/16)
21/11/08 05:39:31 INFO MemoryStore: Block rdd_73_3 stored as values in memory (estimated size 440.0 B, free 911.6 MiB)
21/11/08 05:39:31 INFO BlockManagerInfo: Added rdd_73_3 in memory on localhost:54449 (size: 440.0 B, free: 911.9 MiB)
21/11/08 05:39:31 INFO Executor: Finished task 3.0 in stage 21.0 (TID 18). 3984 bytes result sent to driver
21/11/08 05:39:31 INFO TaskSetManager: Finished task 3.0 in stage 21.0 (TID 18) in 6427 ms on localhost (executor driver) (8/16)
21/11/08 05:39:31 INFO MemoryStore: Block rdd_73_13 stored as values in memory (estimated size 456.0 B, free 911.6 MiB)
21/11/08 05:39:31 INFO BlockManagerInfo: Added rdd_73_13 in memory on localhost:54449 (size: 456.0 B, free: 911.9 MiB)
21/11/08 05:39:31 INFO Executor: Finished task 13.0 in stage 21.0 (TID 28). 3984 bytes result sent to driver
21/11/08 05:39:31 INFO TaskSetManager: Finished task 13.0 in stage 21.0 (TID 28) in 6682 ms on localhost (executor driver) (9/16)
21/11/08 05:39:32 INFO MemoryStore: Block rdd_73_6 stored as values in memory (estimated size 456.0 B, free 911.6 MiB)
21/11/08 05:39:32 INFO BlockManagerInfo: Added rdd_73_6 in memory on localhost:54449 (size: 456.0 B, free: 911.9 MiB)
21/11/08 05:39:32 INFO Executor: Finished task 6.0 in stage 21.0 (TID 21). 3984 bytes result sent to driver
21/11/08 05:39:32 INFO TaskSetManager: Finished task 6.0 in stage 21.0 (TID 21) in 6741 ms on localhost (executor driver) (10/16)
21/11/08 05:39:32 INFO MemoryStore: Block rdd_73_12 stored as values in memory (estimated size 456.0 B, free 911.6 MiB)
21/11/08 05:39:32 INFO BlockManagerInfo: Added rdd_73_12 in memory on localhost:54449 (size: 456.0 B, free: 911.9 MiB)
21/11/08 05:39:32 INFO Executor: Finished task 12.0 in stage 21.0 (TID 27). 3984 bytes result sent to driver
21/11/08 05:39:32 INFO TaskSetManager: Finished task 12.0 in stage 21.0 (TID 27) in 6765 ms on localhost (executor driver) (11/16)
21/11/08 05:39:32 INFO MemoryStore: Block rdd_73_9 stored as values in memory (estimated size 472.0 B, free 911.6 MiB)
21/11/08 05:39:32 INFO BlockManagerInfo: Added rdd_73_9 in memory on localhost:54449 (size: 472.0 B, free: 911.9 MiB)
21/11/08 05:39:32 INFO Executor: Finished task 9.0 in stage 21.0 (TID 24). 3984 bytes result sent to driver
21/11/08 05:39:32 INFO TaskSetManager: Finished task 9.0 in stage 21.0 (TID 24) in 7065 ms on localhost (executor driver) (12/16)
21/11/08 05:39:32 INFO MemoryStore: Block rdd_73_4 stored as values in memory (estimated size 472.0 B, free 911.6 MiB)
21/11/08 05:39:32 INFO BlockManagerInfo: Added rdd_73_4 in memory on localhost:54449 (size: 472.0 B, free: 911.9 MiB)
21/11/08 05:39:32 INFO Executor: Finished task 4.0 in stage 21.0 (TID 19). 3984 bytes result sent to driver
21/11/08 05:39:32 INFO TaskSetManager: Finished task 4.0 in stage 21.0 (TID 19) in 7075 ms on localhost (executor driver) (13/16)
21/11/08 05:39:32 INFO MemoryStore: Block rdd_73_15 stored as values in memory (estimated size 472.0 B, free 911.6 MiB)
21/11/08 05:39:32 INFO BlockManagerInfo: Added rdd_73_15 in memory on localhost:54449 (size: 472.0 B, free: 911.9 MiB)
21/11/08 05:39:32 INFO Executor: Finished task 15.0 in stage 21.0 (TID 30). 3984 bytes result sent to driver
21/11/08 05:39:32 INFO TaskSetManager: Finished task 15.0 in stage 21.0 (TID 30) in 7112 ms on localhost (executor driver) (14/16)
21/11/08 05:39:32 INFO MemoryStore: Block rdd_73_14 stored as values in memory (estimated size 504.0 B, free 911.6 MiB)
21/11/08 05:39:32 INFO BlockManagerInfo: Added rdd_73_14 in memory on localhost:54449 (size: 504.0 B, free: 911.9 MiB)
21/11/08 05:39:32 INFO Executor: Finished task 14.0 in stage 21.0 (TID 29). 3984 bytes result sent to driver
21/11/08 05:39:32 INFO TaskSetManager: Finished task 14.0 in stage 21.0 (TID 29) in 7645 ms on localhost (executor driver) (15/16)
21/11/08 05:39:33 INFO MemoryStore: Block rdd_73_8 stored as values in memory (estimated size 520.0 B, free 911.6 MiB)
21/11/08 05:39:33 INFO BlockManagerInfo: Added rdd_73_8 in memory on localhost:54449 (size: 520.0 B, free: 911.9 MiB)
21/11/08 05:39:33 INFO Executor: Finished task 8.0 in stage 21.0 (TID 23). 3984 bytes result sent to driver
21/11/08 05:39:33 INFO TaskSetManager: Finished task 8.0 in stage 21.0 (TID 23) in 7961 ms on localhost (executor driver) (16/16)
21/11/08 05:39:33 INFO TaskSchedulerImpl: Removed TaskSet 21.0, whose tasks have all completed, from pool 
21/11/08 05:39:33 INFO DAGScheduler: ShuffleMapStage 21 (sql at NativeMethodAccessorImpl.java:0) finished in 7.970 s
21/11/08 05:39:33 INFO DAGScheduler: looking for newly runnable stages
21/11/08 05:39:33 INFO DAGScheduler: running: Set()
21/11/08 05:39:33 INFO DAGScheduler: waiting: Set()
21/11/08 05:39:33 INFO DAGScheduler: failed: Set()
21/11/08 05:39:33 INFO SparkContext: Starting job: sql at NativeMethodAccessorImpl.java:0
21/11/08 05:39:33 INFO DAGScheduler: Got job 16 (sql at NativeMethodAccessorImpl.java:0) with 1 output partitions
21/11/08 05:39:33 INFO DAGScheduler: Final stage: ResultStage 24 (sql at NativeMethodAccessorImpl.java:0)
21/11/08 05:39:33 INFO DAGScheduler: Parents of final stage: List(ShuffleMapStage 23)
21/11/08 05:39:33 INFO DAGScheduler: Missing parents: List()
21/11/08 05:39:33 INFO DAGScheduler: Submitting ResultStage 24 (MapPartitionsRDD[81] at sql at NativeMethodAccessorImpl.java:0), which has no missing parents
21/11/08 05:39:33 INFO MemoryStore: Block broadcast_26 stored as values in memory (estimated size 11.0 KiB, free 911.6 MiB)
21/11/08 05:39:33 INFO MemoryStore: Block broadcast_26_piece0 stored as bytes in memory (estimated size 5.5 KiB, free 911.6 MiB)
21/11/08 05:39:33 INFO BlockManagerInfo: Added broadcast_26_piece0 in memory on localhost:54449 (size: 5.5 KiB, free: 911.9 MiB)
21/11/08 05:39:33 INFO SparkContext: Created broadcast 26 from broadcast at DAGScheduler.scala:1427
21/11/08 05:39:33 INFO DAGScheduler: Submitting 1 missing tasks from ResultStage 24 (MapPartitionsRDD[81] at sql at NativeMethodAccessorImpl.java:0) (first 15 tasks are for partitions Vector(0))
21/11/08 05:39:33 INFO TaskSchedulerImpl: Adding task set 24.0 with 1 tasks resource profile 0
21/11/08 05:39:33 INFO TaskSetManager: Starting task 0.0 in stage 24.0 (TID 31) (localhost, executor driver, partition 0, NODE_LOCAL, 4453 bytes) taskResourceAssignments Map()
21/11/08 05:39:33 INFO Executor: Running task 0.0 in stage 24.0 (TID 31)
21/11/08 05:39:33 INFO ShuffleBlockFetcherIterator: Getting 16 (960.0 B) non-empty blocks including 16 (960.0 B) local and 0 (0.0 B) host-local and 0 (0.0 B) push-merged-local and 0 (0.0 B) remote blocks
21/11/08 05:39:33 INFO ShuffleBlockFetcherIterator: Started 0 remote fetches in 0 ms
21/11/08 05:39:33 INFO Executor: Finished task 0.0 in stage 24.0 (TID 31). 2648 bytes result sent to driver
21/11/08 05:39:33 INFO TaskSetManager: Finished task 0.0 in stage 24.0 (TID 31) in 7 ms on localhost (executor driver) (1/1)
21/11/08 05:39:33 INFO TaskSchedulerImpl: Removed TaskSet 24.0, whose tasks have all completed, from pool 
21/11/08 05:39:33 INFO DAGScheduler: ResultStage 24 (sql at NativeMethodAccessorImpl.java:0) finished in 0.010 s
21/11/08 05:39:33 INFO DAGScheduler: Job 16 is finished. Cancelling potential speculative or zombie tasks for this job
21/11/08 05:39:33 INFO TaskSchedulerImpl: Killing all running tasks in stage 24: Stage finished
21/11/08 05:39:33 INFO DAGScheduler: Job 16 finished: sql at NativeMethodAccessorImpl.java:0, took 0.013490 s
21/11/08 05:39:33 INFO CodeGenerator: Code generated in 6.056104 ms
21/11/08 05:39:33 INFO SparkContext: Starting job: collect at utils.scala:26
21/11/08 05:39:33 INFO DAGScheduler: Got job 17 (collect at utils.scala:26) with 16 output partitions
21/11/08 05:39:33 INFO DAGScheduler: Final stage: ResultStage 26 (collect at utils.scala:26)
21/11/08 05:39:33 INFO DAGScheduler: Parents of final stage: List(ShuffleMapStage 25)
21/11/08 05:39:33 INFO DAGScheduler: Missing parents: List()
21/11/08 05:39:33 INFO DAGScheduler: Submitting ResultStage 26 (MapPartitionsRDD[86] at collect at utils.scala:26), which has no missing parents
21/11/08 05:39:33 INFO MemoryStore: Block broadcast_27 stored as values in memory (estimated size 47.7 KiB, free 911.5 MiB)
21/11/08 05:39:33 INFO MemoryStore: Block broadcast_27_piece0 stored as bytes in memory (estimated size 19.5 KiB, free 911.5 MiB)
21/11/08 05:39:33 INFO BlockManagerInfo: Added broadcast_27_piece0 in memory on localhost:54449 (size: 19.5 KiB, free: 911.9 MiB)
21/11/08 05:39:33 INFO SparkContext: Created broadcast 27 from broadcast at DAGScheduler.scala:1427
21/11/08 05:39:33 INFO DAGScheduler: Submitting 16 missing tasks from ResultStage 26 (MapPartitionsRDD[86] at collect at utils.scala:26) (first 15 tasks are for partitions Vector(0, 1, 2, 3, 4, 5, 6, 7, 8, 9, 10, 11, 12, 13, 14))
21/11/08 05:39:33 INFO TaskSchedulerImpl: Adding task set 26.0 with 16 tasks resource profile 0
21/11/08 05:39:33 INFO TaskSetManager: Starting task 0.0 in stage 26.0 (TID 32) (localhost, executor driver, partition 0, PROCESS_LOCAL, 4453 bytes) taskResourceAssignments Map()
21/11/08 05:39:33 INFO TaskSetManager: Starting task 1.0 in stage 26.0 (TID 33) (localhost, executor driver, partition 1, PROCESS_LOCAL, 4453 bytes) taskResourceAssignments Map()
21/11/08 05:39:33 INFO TaskSetManager: Starting task 2.0 in stage 26.0 (TID 34) (localhost, executor driver, partition 2, PROCESS_LOCAL, 4453 bytes) taskResourceAssignments Map()
21/11/08 05:39:33 INFO TaskSetManager: Starting task 3.0 in stage 26.0 (TID 35) (localhost, executor driver, partition 3, PROCESS_LOCAL, 4453 bytes) taskResourceAssignments Map()
21/11/08 05:39:33 INFO TaskSetManager: Starting task 4.0 in stage 26.0 (TID 36) (localhost, executor driver, partition 4, PROCESS_LOCAL, 4453 bytes) taskResourceAssignments Map()
21/11/08 05:39:33 INFO TaskSetManager: Starting task 5.0 in stage 26.0 (TID 37) (localhost, executor driver, partition 5, PROCESS_LOCAL, 4453 bytes) taskResourceAssignments Map()
21/11/08 05:39:33 INFO TaskSetManager: Starting task 6.0 in stage 26.0 (TID 38) (localhost, executor driver, partition 6, PROCESS_LOCAL, 4453 bytes) taskResourceAssignments Map()
21/11/08 05:39:33 INFO TaskSetManager: Starting task 7.0 in stage 26.0 (TID 39) (localhost, executor driver, partition 7, PROCESS_LOCAL, 4453 bytes) taskResourceAssignments Map()
21/11/08 05:39:33 INFO TaskSetManager: Starting task 8.0 in stage 26.0 (TID 40) (localhost, executor driver, partition 8, PROCESS_LOCAL, 4453 bytes) taskResourceAssignments Map()
21/11/08 05:39:33 INFO TaskSetManager: Starting task 9.0 in stage 26.0 (TID 41) (localhost, executor driver, partition 9, PROCESS_LOCAL, 4453 bytes) taskResourceAssignments Map()
21/11/08 05:39:33 INFO TaskSetManager: Starting task 10.0 in stage 26.0 (TID 42) (localhost, executor driver, partition 10, PROCESS_LOCAL, 4453 bytes) taskResourceAssignments Map()
21/11/08 05:39:33 INFO TaskSetManager: Starting task 11.0 in stage 26.0 (TID 43) (localhost, executor driver, partition 11, PROCESS_LOCAL, 4453 bytes) taskResourceAssignments Map()
21/11/08 05:39:33 INFO TaskSetManager: Starting task 12.0 in stage 26.0 (TID 44) (localhost, executor driver, partition 12, PROCESS_LOCAL, 4453 bytes) taskResourceAssignments Map()
21/11/08 05:39:33 INFO TaskSetManager: Starting task 13.0 in stage 26.0 (TID 45) (localhost, executor driver, partition 13, PROCESS_LOCAL, 4453 bytes) taskResourceAssignments Map()
21/11/08 05:39:33 INFO TaskSetManager: Starting task 14.0 in stage 26.0 (TID 46) (localhost, executor driver, partition 14, PROCESS_LOCAL, 4453 bytes) taskResourceAssignments Map()
21/11/08 05:39:33 INFO TaskSetManager: Starting task 15.0 in stage 26.0 (TID 47) (localhost, executor driver, partition 15, PROCESS_LOCAL, 4453 bytes) taskResourceAssignments Map()
21/11/08 05:39:33 INFO Executor: Running task 1.0 in stage 26.0 (TID 33)
21/11/08 05:39:33 INFO Executor: Running task 2.0 in stage 26.0 (TID 34)
21/11/08 05:39:33 INFO Executor: Running task 6.0 in stage 26.0 (TID 38)
21/11/08 05:39:33 INFO Executor: Running task 5.0 in stage 26.0 (TID 37)
21/11/08 05:39:33 INFO Executor: Running task 4.0 in stage 26.0 (TID 36)
21/11/08 05:39:33 INFO Executor: Running task 3.0 in stage 26.0 (TID 35)
21/11/08 05:39:33 INFO Executor: Running task 10.0 in stage 26.0 (TID 42)
21/11/08 05:39:33 INFO Executor: Running task 13.0 in stage 26.0 (TID 45)
21/11/08 05:39:33 INFO Executor: Running task 14.0 in stage 26.0 (TID 46)
21/11/08 05:39:33 INFO Executor: Running task 0.0 in stage 26.0 (TID 32)
21/11/08 05:39:33 INFO Executor: Running task 15.0 in stage 26.0 (TID 47)
21/11/08 05:39:33 INFO Executor: Running task 12.0 in stage 26.0 (TID 44)
21/11/08 05:39:33 INFO Executor: Running task 11.0 in stage 26.0 (TID 43)
21/11/08 05:39:33 INFO Executor: Running task 9.0 in stage 26.0 (TID 41)
21/11/08 05:39:33 INFO Executor: Running task 8.0 in stage 26.0 (TID 40)
21/11/08 05:39:33 INFO Executor: Running task 7.0 in stage 26.0 (TID 39)
21/11/08 05:39:33 INFO BlockManager: Found block rdd_73_0 locally
21/11/08 05:39:33 INFO BlockManager: Found block rdd_73_15 locally
21/11/08 05:39:33 INFO BlockManager: Found block rdd_73_6 locally
21/11/08 05:39:33 INFO BlockManager: Found block rdd_73_14 locally
21/11/08 05:39:33 INFO BlockManager: Found block rdd_73_13 locally
21/11/08 05:39:33 INFO BlockManager: Found block rdd_73_1 locally
21/11/08 05:39:33 INFO BlockManager: Found block rdd_73_11 locally
21/11/08 05:39:33 INFO BlockManager: Found block rdd_73_8 locally
21/11/08 05:39:33 INFO BlockManager: Found block rdd_73_2 locally
21/11/08 05:39:33 INFO BlockManager: Found block rdd_73_10 locally
21/11/08 05:39:33 INFO BlockManager: Found block rdd_73_9 locally
21/11/08 05:39:33 INFO BlockManager: Found block rdd_73_5 locally
21/11/08 05:39:33 INFO BlockManager: Found block rdd_73_7 locally
21/11/08 05:39:33 INFO BlockManager: Found block rdd_73_3 locally
21/11/08 05:39:33 INFO BlockManager: Found block rdd_73_4 locally
21/11/08 05:39:33 INFO Executor: Finished task 0.0 in stage 26.0 (TID 32). 3413 bytes result sent to driver
21/11/08 05:39:33 INFO Executor: Finished task 1.0 in stage 26.0 (TID 33). 3426 bytes result sent to driver
21/11/08 05:39:33 INFO Executor: Finished task 15.0 in stage 26.0 (TID 47). 3488 bytes result sent to driver
21/11/08 05:39:33 INFO Executor: Finished task 11.0 in stage 26.0 (TID 43). 3463 bytes result sent to driver
21/11/08 05:39:33 INFO Executor: Finished task 7.0 in stage 26.0 (TID 39). 3427 bytes result sent to driver
21/11/08 05:39:33 INFO Executor: Finished task 10.0 in stage 26.0 (TID 42). 3450 bytes result sent to driver
21/11/08 05:39:33 INFO BlockManager: Found block rdd_73_12 locally
21/11/08 05:39:33 INFO Executor: Finished task 3.0 in stage 26.0 (TID 35). 3464 bytes result sent to driver
21/11/08 05:39:33 INFO Executor: Finished task 6.0 in stage 26.0 (TID 38). 3473 bytes result sent to driver
21/11/08 05:39:33 INFO Executor: Finished task 5.0 in stage 26.0 (TID 37). 3462 bytes result sent to driver
21/11/08 05:39:33 INFO Executor: Finished task 2.0 in stage 26.0 (TID 34). 3427 bytes result sent to driver
21/11/08 05:39:33 INFO Executor: Finished task 9.0 in stage 26.0 (TID 41). 3487 bytes result sent to driver
21/11/08 05:39:33 INFO Executor: Finished task 14.0 in stage 26.0 (TID 46). 3516 bytes result sent to driver
21/11/08 05:39:33 INFO Executor: Finished task 4.0 in stage 26.0 (TID 36). 3488 bytes result sent to driver
21/11/08 05:39:33 INFO Executor: Finished task 8.0 in stage 26.0 (TID 40). 3523 bytes result sent to driver
21/11/08 05:39:33 INFO TaskSetManager: Finished task 0.0 in stage 26.0 (TID 32) in 18 ms on localhost (executor driver) (1/16)
21/11/08 05:39:33 INFO Executor: Finished task 13.0 in stage 26.0 (TID 45). 3476 bytes result sent to driver
21/11/08 05:39:33 INFO TaskSetManager: Finished task 1.0 in stage 26.0 (TID 33) in 18 ms on localhost (executor driver) (2/16)
21/11/08 05:39:33 INFO Executor: Finished task 12.0 in stage 26.0 (TID 44). 3469 bytes result sent to driver
21/11/08 05:39:33 INFO TaskSetManager: Finished task 15.0 in stage 26.0 (TID 47) in 16 ms on localhost (executor driver) (3/16)
21/11/08 05:39:33 INFO TaskSetManager: Finished task 11.0 in stage 26.0 (TID 43) in 17 ms on localhost (executor driver) (4/16)
21/11/08 05:39:33 INFO TaskSetManager: Finished task 7.0 in stage 26.0 (TID 39) in 17 ms on localhost (executor driver) (5/16)
21/11/08 05:39:33 INFO TaskSetManager: Finished task 10.0 in stage 26.0 (TID 42) in 18 ms on localhost (executor driver) (6/16)
21/11/08 05:39:33 INFO TaskSetManager: Finished task 3.0 in stage 26.0 (TID 35) in 19 ms on localhost (executor driver) (7/16)
21/11/08 05:39:33 INFO TaskSetManager: Finished task 5.0 in stage 26.0 (TID 37) in 19 ms on localhost (executor driver) (8/16)
21/11/08 05:39:33 INFO TaskSetManager: Finished task 6.0 in stage 26.0 (TID 38) in 18 ms on localhost (executor driver) (9/16)
21/11/08 05:39:33 INFO TaskSetManager: Finished task 9.0 in stage 26.0 (TID 41) in 19 ms on localhost (executor driver) (10/16)
21/11/08 05:39:33 INFO TaskSetManager: Finished task 2.0 in stage 26.0 (TID 34) in 20 ms on localhost (executor driver) (11/16)
21/11/08 05:39:33 INFO TaskSetManager: Finished task 14.0 in stage 26.0 (TID 46) in 18 ms on localhost (executor driver) (12/16)
21/11/08 05:39:33 INFO TaskSetManager: Finished task 4.0 in stage 26.0 (TID 36) in 20 ms on localhost (executor driver) (13/16)
21/11/08 05:39:33 INFO TaskSetManager: Finished task 8.0 in stage 26.0 (TID 40) in 20 ms on localhost (executor driver) (14/16)
21/11/08 05:39:33 INFO TaskSetManager: Finished task 13.0 in stage 26.0 (TID 45) in 19 ms on localhost (executor driver) (15/16)
21/11/08 05:39:33 INFO TaskSetManager: Finished task 12.0 in stage 26.0 (TID 44) in 19 ms on localhost (executor driver) (16/16)
21/11/08 05:39:33 INFO TaskSchedulerImpl: Removed TaskSet 26.0, whose tasks have all completed, from pool 
21/11/08 05:39:33 INFO DAGScheduler: ResultStage 26 (collect at utils.scala:26) finished in 0.027 s
21/11/08 05:39:33 INFO DAGScheduler: Job 17 is finished. Cancelling potential speculative or zombie tasks for this job
21/11/08 05:39:33 INFO TaskSchedulerImpl: Killing all running tasks in stage 26: Stage finished
21/11/08 05:39:33 INFO DAGScheduler: Job 17 finished: collect at utils.scala:26, took 0.030354 s
21/11/08 05:39:33 INFO CodeGenerator: Code generated in 5.148342 ms
21/11/08 05:39:33 INFO DAGScheduler: Registering RDD 91 (count at utils.scala:24) as input to shuffle 8
21/11/08 05:39:33 INFO DAGScheduler: Got map stage job 18 (count at utils.scala:24) with 16 output partitions
21/11/08 05:39:33 INFO DAGScheduler: Final stage: ShuffleMapStage 28 (count at utils.scala:24)
21/11/08 05:39:33 INFO DAGScheduler: Parents of final stage: List(ShuffleMapStage 27)
21/11/08 05:39:33 INFO DAGScheduler: Missing parents: List()
21/11/08 05:39:33 INFO DAGScheduler: Submitting ShuffleMapStage 28 (MapPartitionsRDD[91] at count at utils.scala:24), which has no missing parents
21/11/08 05:39:33 INFO MemoryStore: Block broadcast_28 stored as values in memory (estimated size 47.8 KiB, free 911.4 MiB)
21/11/08 05:39:33 INFO MemoryStore: Block broadcast_28_piece0 stored as bytes in memory (estimated size 19.9 KiB, free 911.4 MiB)
21/11/08 05:39:33 INFO BlockManagerInfo: Added broadcast_28_piece0 in memory on localhost:54449 (size: 19.9 KiB, free: 911.9 MiB)
21/11/08 05:39:33 INFO SparkContext: Created broadcast 28 from broadcast at DAGScheduler.scala:1427
21/11/08 05:39:33 INFO DAGScheduler: Submitting 16 missing tasks from ShuffleMapStage 28 (MapPartitionsRDD[91] at count at utils.scala:24) (first 15 tasks are for partitions Vector(0, 1, 2, 3, 4, 5, 6, 7, 8, 9, 10, 11, 12, 13, 14))
21/11/08 05:39:33 INFO TaskSchedulerImpl: Adding task set 28.0 with 16 tasks resource profile 0
21/11/08 05:39:33 INFO TaskSetManager: Starting task 0.0 in stage 28.0 (TID 48) (localhost, executor driver, partition 0, PROCESS_LOCAL, 4442 bytes) taskResourceAssignments Map()
21/11/08 05:39:33 INFO TaskSetManager: Starting task 1.0 in stage 28.0 (TID 49) (localhost, executor driver, partition 1, PROCESS_LOCAL, 4442 bytes) taskResourceAssignments Map()
21/11/08 05:39:33 INFO TaskSetManager: Starting task 2.0 in stage 28.0 (TID 50) (localhost, executor driver, partition 2, PROCESS_LOCAL, 4442 bytes) taskResourceAssignments Map()
21/11/08 05:39:33 INFO TaskSetManager: Starting task 3.0 in stage 28.0 (TID 51) (localhost, executor driver, partition 3, PROCESS_LOCAL, 4442 bytes) taskResourceAssignments Map()
21/11/08 05:39:33 INFO TaskSetManager: Starting task 4.0 in stage 28.0 (TID 52) (localhost, executor driver, partition 4, PROCESS_LOCAL, 4442 bytes) taskResourceAssignments Map()
21/11/08 05:39:33 INFO TaskSetManager: Starting task 5.0 in stage 28.0 (TID 53) (localhost, executor driver, partition 5, PROCESS_LOCAL, 4442 bytes) taskResourceAssignments Map()
21/11/08 05:39:33 INFO TaskSetManager: Starting task 6.0 in stage 28.0 (TID 54) (localhost, executor driver, partition 6, PROCESS_LOCAL, 4442 bytes) taskResourceAssignments Map()
21/11/08 05:39:33 INFO TaskSetManager: Starting task 7.0 in stage 28.0 (TID 55) (localhost, executor driver, partition 7, PROCESS_LOCAL, 4442 bytes) taskResourceAssignments Map()
21/11/08 05:39:33 INFO TaskSetManager: Starting task 8.0 in stage 28.0 (TID 56) (localhost, executor driver, partition 8, PROCESS_LOCAL, 4442 bytes) taskResourceAssignments Map()
21/11/08 05:39:33 INFO TaskSetManager: Starting task 9.0 in stage 28.0 (TID 57) (localhost, executor driver, partition 9, PROCESS_LOCAL, 4442 bytes) taskResourceAssignments Map()
21/11/08 05:39:33 INFO TaskSetManager: Starting task 10.0 in stage 28.0 (TID 58) (localhost, executor driver, partition 10, PROCESS_LOCAL, 4442 bytes) taskResourceAssignments Map()
21/11/08 05:39:33 INFO TaskSetManager: Starting task 11.0 in stage 28.0 (TID 59) (localhost, executor driver, partition 11, PROCESS_LOCAL, 4442 bytes) taskResourceAssignments Map()
21/11/08 05:39:33 INFO TaskSetManager: Starting task 12.0 in stage 28.0 (TID 60) (localhost, executor driver, partition 12, PROCESS_LOCAL, 4442 bytes) taskResourceAssignments Map()
21/11/08 05:39:33 INFO TaskSetManager: Starting task 13.0 in stage 28.0 (TID 61) (localhost, executor driver, partition 13, PROCESS_LOCAL, 4442 bytes) taskResourceAssignments Map()
21/11/08 05:39:33 INFO TaskSetManager: Starting task 14.0 in stage 28.0 (TID 62) (localhost, executor driver, partition 14, PROCESS_LOCAL, 4442 bytes) taskResourceAssignments Map()
21/11/08 05:39:33 INFO TaskSetManager: Starting task 15.0 in stage 28.0 (TID 63) (localhost, executor driver, partition 15, PROCESS_LOCAL, 4442 bytes) taskResourceAssignments Map()
21/11/08 05:39:33 INFO Executor: Running task 0.0 in stage 28.0 (TID 48)
21/11/08 05:39:33 INFO Executor: Running task 1.0 in stage 28.0 (TID 49)
21/11/08 05:39:33 INFO Executor: Running task 5.0 in stage 28.0 (TID 53)
21/11/08 05:39:33 INFO Executor: Running task 6.0 in stage 28.0 (TID 54)
21/11/08 05:39:33 INFO Executor: Running task 4.0 in stage 28.0 (TID 52)
21/11/08 05:39:33 INFO Executor: Running task 2.0 in stage 28.0 (TID 50)
21/11/08 05:39:33 INFO Executor: Running task 10.0 in stage 28.0 (TID 58)
21/11/08 05:39:33 INFO Executor: Running task 13.0 in stage 28.0 (TID 61)
21/11/08 05:39:33 INFO Executor: Running task 3.0 in stage 28.0 (TID 51)
21/11/08 05:39:33 INFO Executor: Running task 14.0 in stage 28.0 (TID 62)
21/11/08 05:39:33 INFO Executor: Running task 15.0 in stage 28.0 (TID 63)
21/11/08 05:39:33 INFO Executor: Running task 12.0 in stage 28.0 (TID 60)
21/11/08 05:39:33 INFO Executor: Running task 11.0 in stage 28.0 (TID 59)
21/11/08 05:39:33 INFO Executor: Running task 9.0 in stage 28.0 (TID 57)
21/11/08 05:39:33 INFO Executor: Running task 8.0 in stage 28.0 (TID 56)
21/11/08 05:39:33 INFO Executor: Running task 7.0 in stage 28.0 (TID 55)
21/11/08 05:39:33 INFO BlockManager: Found block rdd_73_5 locally
21/11/08 05:39:33 INFO BlockManager: Found block rdd_73_0 locally
21/11/08 05:39:33 INFO BlockManager: Found block rdd_73_12 locally
21/11/08 05:39:33 INFO BlockManager: Found block rdd_73_3 locally
21/11/08 05:39:33 INFO BlockManager: Found block rdd_73_4 locally
21/11/08 05:39:33 INFO BlockManager: Found block rdd_73_7 locally
21/11/08 05:39:33 INFO BlockManager: Found block rdd_73_9 locally
21/11/08 05:39:33 INFO BlockManager: Found block rdd_73_14 locally
21/11/08 05:39:33 INFO BlockManager: Found block rdd_73_15 locally
21/11/08 05:39:33 INFO BlockManager: Found block rdd_73_6 locally
21/11/08 05:39:33 INFO BlockManager: Found block rdd_73_10 locally
21/11/08 05:39:33 INFO BlockManager: Found block rdd_73_2 locally
21/11/08 05:39:33 INFO BlockManager: Found block rdd_73_13 locally
21/11/08 05:39:33 INFO BlockManager: Found block rdd_73_11 locally
21/11/08 05:39:33 INFO BlockManager: Found block rdd_73_1 locally
21/11/08 05:39:33 INFO Executor: Finished task 0.0 in stage 28.0 (TID 48). 3726 bytes result sent to driver
21/11/08 05:39:33 INFO BlockManager: Found block rdd_73_8 locally
21/11/08 05:39:33 INFO TaskSetManager: Finished task 0.0 in stage 28.0 (TID 48) in 13 ms on localhost (executor driver) (1/16)
21/11/08 05:39:33 INFO Executor: Finished task 14.0 in stage 28.0 (TID 62). 3726 bytes result sent to driver
21/11/08 05:39:33 INFO TaskSetManager: Finished task 14.0 in stage 28.0 (TID 62) in 13 ms on localhost (executor driver) (2/16)
21/11/08 05:39:33 INFO Executor: Finished task 7.0 in stage 28.0 (TID 55). 3726 bytes result sent to driver
21/11/08 05:39:33 INFO TaskSetManager: Finished task 7.0 in stage 28.0 (TID 55) in 15 ms on localhost (executor driver) (3/16)
21/11/08 05:39:33 INFO Executor: Finished task 9.0 in stage 28.0 (TID 57). 3726 bytes result sent to driver
21/11/08 05:39:33 INFO TaskSetManager: Finished task 9.0 in stage 28.0 (TID 57) in 16 ms on localhost (executor driver) (4/16)
21/11/08 05:39:33 INFO Executor: Finished task 3.0 in stage 28.0 (TID 51). 3726 bytes result sent to driver
21/11/08 05:39:33 INFO TaskSetManager: Finished task 3.0 in stage 28.0 (TID 51) in 18 ms on localhost (executor driver) (5/16)
21/11/08 05:39:33 INFO Executor: Finished task 12.0 in stage 28.0 (TID 60). 3726 bytes result sent to driver
21/11/08 05:39:33 INFO TaskSetManager: Finished task 12.0 in stage 28.0 (TID 60) in 18 ms on localhost (executor driver) (6/16)
21/11/08 05:39:33 INFO Executor: Finished task 4.0 in stage 28.0 (TID 52). 3726 bytes result sent to driver
21/11/08 05:39:33 INFO TaskSetManager: Finished task 4.0 in stage 28.0 (TID 52) in 20 ms on localhost (executor driver) (7/16)
21/11/08 05:39:33 INFO Executor: Finished task 5.0 in stage 28.0 (TID 53). 3726 bytes result sent to driver
21/11/08 05:39:33 INFO TaskSetManager: Finished task 5.0 in stage 28.0 (TID 53) in 21 ms on localhost (executor driver) (8/16)
21/11/08 05:39:33 INFO Executor: Finished task 8.0 in stage 28.0 (TID 56). 3726 bytes result sent to driver
21/11/08 05:39:33 INFO TaskSetManager: Finished task 8.0 in stage 28.0 (TID 56) in 21 ms on localhost (executor driver) (9/16)
21/11/08 05:39:33 INFO Executor: Finished task 1.0 in stage 28.0 (TID 49). 3726 bytes result sent to driver
21/11/08 05:39:33 INFO TaskSetManager: Finished task 1.0 in stage 28.0 (TID 49) in 23 ms on localhost (executor driver) (10/16)
21/11/08 05:39:33 INFO Executor: Finished task 11.0 in stage 28.0 (TID 59). 3726 bytes result sent to driver
21/11/08 05:39:33 INFO TaskSetManager: Finished task 11.0 in stage 28.0 (TID 59) in 23 ms on localhost (executor driver) (11/16)
21/11/08 05:39:33 INFO Executor: Finished task 2.0 in stage 28.0 (TID 50). 3726 bytes result sent to driver
21/11/08 05:39:33 INFO TaskSetManager: Finished task 2.0 in stage 28.0 (TID 50) in 25 ms on localhost (executor driver) (12/16)
21/11/08 05:39:33 INFO Executor: Finished task 13.0 in stage 28.0 (TID 61). 3726 bytes result sent to driver
21/11/08 05:39:33 INFO TaskSetManager: Finished task 13.0 in stage 28.0 (TID 61) in 26 ms on localhost (executor driver) (13/16)
21/11/08 05:39:33 INFO Executor: Finished task 6.0 in stage 28.0 (TID 54). 3726 bytes result sent to driver
21/11/08 05:39:33 INFO TaskSetManager: Finished task 6.0 in stage 28.0 (TID 54) in 27 ms on localhost (executor driver) (14/16)
21/11/08 05:39:33 INFO Executor: Finished task 15.0 in stage 28.0 (TID 63). 3726 bytes result sent to driver
21/11/08 05:39:33 INFO TaskSetManager: Finished task 15.0 in stage 28.0 (TID 63) in 27 ms on localhost (executor driver) (15/16)
21/11/08 05:39:33 INFO Executor: Finished task 10.0 in stage 28.0 (TID 58). 3726 bytes result sent to driver
21/11/08 05:39:33 INFO TaskSetManager: Finished task 10.0 in stage 28.0 (TID 58) in 28 ms on localhost (executor driver) (16/16)
21/11/08 05:39:33 INFO TaskSchedulerImpl: Removed TaskSet 28.0, whose tasks have all completed, from pool 
21/11/08 05:39:33 INFO DAGScheduler: ShuffleMapStage 28 (count at utils.scala:24) finished in 0.035 s
21/11/08 05:39:33 INFO DAGScheduler: looking for newly runnable stages
21/11/08 05:39:33 INFO DAGScheduler: running: Set()
21/11/08 05:39:33 INFO DAGScheduler: waiting: Set()
21/11/08 05:39:33 INFO DAGScheduler: failed: Set()
21/11/08 05:39:33 INFO SparkContext: Starting job: count at utils.scala:24
21/11/08 05:39:33 INFO DAGScheduler: Got job 19 (count at utils.scala:24) with 1 output partitions
21/11/08 05:39:33 INFO DAGScheduler: Final stage: ResultStage 31 (count at utils.scala:24)
21/11/08 05:39:33 INFO DAGScheduler: Parents of final stage: List(ShuffleMapStage 30)
21/11/08 05:39:33 INFO DAGScheduler: Missing parents: List()
21/11/08 05:39:33 INFO DAGScheduler: Submitting ResultStage 31 (MapPartitionsRDD[94] at count at utils.scala:24), which has no missing parents
21/11/08 05:39:33 INFO MemoryStore: Block broadcast_29 stored as values in memory (estimated size 11.0 KiB, free 911.4 MiB)
21/11/08 05:39:33 INFO MemoryStore: Block broadcast_29_piece0 stored as bytes in memory (estimated size 5.5 KiB, free 911.4 MiB)
21/11/08 05:39:33 INFO BlockManagerInfo: Added broadcast_29_piece0 in memory on localhost:54449 (size: 5.5 KiB, free: 911.9 MiB)
21/11/08 05:39:33 INFO SparkContext: Created broadcast 29 from broadcast at DAGScheduler.scala:1427
21/11/08 05:39:33 INFO DAGScheduler: Submitting 1 missing tasks from ResultStage 31 (MapPartitionsRDD[94] at count at utils.scala:24) (first 15 tasks are for partitions Vector(0))
21/11/08 05:39:33 INFO TaskSchedulerImpl: Adding task set 31.0 with 1 tasks resource profile 0
21/11/08 05:39:33 INFO TaskSetManager: Starting task 0.0 in stage 31.0 (TID 64) (localhost, executor driver, partition 0, NODE_LOCAL, 4453 bytes) taskResourceAssignments Map()
21/11/08 05:39:33 INFO Executor: Running task 0.0 in stage 31.0 (TID 64)
21/11/08 05:39:33 INFO ShuffleBlockFetcherIterator: Getting 16 (960.0 B) non-empty blocks including 16 (960.0 B) local and 0 (0.0 B) host-local and 0 (0.0 B) push-merged-local and 0 (0.0 B) remote blocks
21/11/08 05:39:33 INFO ShuffleBlockFetcherIterator: Started 0 remote fetches in 0 ms
21/11/08 05:39:33 INFO Executor: Finished task 0.0 in stage 31.0 (TID 64). 2648 bytes result sent to driver
21/11/08 05:39:33 INFO TaskSetManager: Finished task 0.0 in stage 31.0 (TID 64) in 6 ms on localhost (executor driver) (1/1)
21/11/08 05:39:33 INFO TaskSchedulerImpl: Removed TaskSet 31.0, whose tasks have all completed, from pool 
21/11/08 05:39:33 INFO DAGScheduler: ResultStage 31 (count at utils.scala:24) finished in 0.010 s
21/11/08 05:39:33 INFO DAGScheduler: Job 19 is finished. Cancelling potential speculative or zombie tasks for this job
21/11/08 05:39:33 INFO TaskSchedulerImpl: Killing all running tasks in stage 31: Stage finished
21/11/08 05:39:33 INFO DAGScheduler: Job 19 finished: count at utils.scala:24, took 0.011252 s
21/11/08 05:39:33 INFO SparkContext: Invoking stop() from shutdown hook
21/11/08 05:39:33 INFO SparkUI: Stopped Spark web UI at http://localhost:4040
21/11/08 05:39:33 INFO MapOutputTrackerMasterEndpoint: MapOutputTrackerMasterEndpoint stopped!
21/11/08 05:39:33 INFO MemoryStore: MemoryStore cleared
21/11/08 05:39:33 INFO BlockManager: BlockManager stopped
21/11/08 05:39:33 INFO BlockManagerMaster: BlockManagerMaster stopped
21/11/08 05:39:33 INFO OutputCommitCoordinator$OutputCommitCoordinatorEndpoint: OutputCommitCoordinator stopped!
21/11/08 05:39:33 INFO SparkContext: Successfully stopped SparkContext
21/11/08 05:39:33 INFO ShutdownHookManager: Shutdown hook called
21/11/08 05:39:33 INFO ShutdownHookManager: Deleting directory /private/var/folders/n8/4xxznh1x29q4sg4cf_hcqqv40000gp/T/spark-d131ae8a-bd45-4680-a043-f46111d7efce
21/11/08 05:39:33 INFO ShutdownHookManager: Deleting directory /private/var/folders/n8/4xxznh1x29q4sg4cf_hcqqv40000gp/T/spark-a2fa25ab-9115-4ee5-bcf9-c2a5dae9b2b6
